{"meta": {"format": 3, "version": "7.13.4", "timestamp": "2026-03-09T12:42:10.471730", "branch_coverage": false, "show_contexts": false}, "files": {"pv_tool/PV-tool.py": {"executed_lines": [], "summary": {"covered_lines": 0, "num_statements": 0, "percent_covered": 100.0, "percent_covered_display": "100", "missing_lines": 0, "excluded_lines": 0, "percent_statements_covered": 100.0, "percent_statements_covered_display": "100"}, "missing_lines": [], "excluded_lines": [], "functions": {"": {"executed_lines": [], "summary": {"covered_lines": 0, "num_statements": 0, "percent_covered": 100.0, "percent_covered_display": "100", "missing_lines": 0, "excluded_lines": 0, "percent_statements_covered": 100.0, "percent_statements_covered_display": "100"}, "missing_lines": [], "excluded_lines": [], "start_line": 1}}, "classes": {"": {"executed_lines": [], "summary": {"covered_lines": 0, "num_statements": 0, "percent_covered": 100.0, "percent_covered_display": "100", "missing_lines": 0, "excluded_lines": 0, "percent_statements_covered": 100.0, "percent_statements_covered_display": "100"}, "missing_lines": [], "excluded_lines": [], "start_line": 1}}}, "pv_tool/__init__.py": {"executed_lines": [1, 2, 3, 4, 8, 9, 18, 22, 25, 32, 37, 43, 46], "summary": {"covered_lines": 13, "num_statements": 27, "percent_covered": 48.148148148148145, "percent_covered_display": "48", "missing_lines": 14, "excluded_lines": 0, "percent_statements_covered": 48.148148148148145, "percent_statements_covered_display": "48"}, "missing_lines": [10, 11, 12, 13, 14, 20, 23, 28, 29, 30, 35, 40, 44, 47], "excluded_lines": [], "functions": {"PVTool.__init__": {"executed_lines": [], "summary": {"covered_lines": 0, "num_statements": 5, "percent_covered": 0.0, "percent_covered_display": "0", "missing_lines": 5, "excluded_lines": 0, "percent_statements_covered": 0.0, "percent_statements_covered_display": "0"}, "missing_lines": [10, 11, 12, 13, 14], "excluded_lines": [], "start_line": 9}, "PVTool.import_data_and_validate": {"executed_lines": [], "summary": {"covered_lines": 0, "num_statements": 1, "percent_covered": 0.0, "percent_covered_display": "0", "missing_lines": 1, "excluded_lines": 0, "percent_statements_covered": 0.0, "percent_statements_covered_display": "0"}, "missing_lines": [20], "excluded_lines": [], "start_line": 18}, "PVTool.export_dbase_to_excel": {"executed_lines": [], "summary": {"covered_lines": 0, "num_statements": 1, "percent_covered": 0.0, "percent_covered_display": "0", "missing_lines": 1, "excluded_lines": 0, "percent_statements_covered": 0.0, "percent_statements_covered_display": "0"}, "missing_lines": [23], "excluded_lines": [], "start_line": 22}, "PVTool.set_analysis_settings": {"executed_lines": [], "summary": {"covered_lines": 0, "num_statements": 3, "percent_covered": 0.0, "percent_covered_display": "0", "missing_lines": 3, "excluded_lines": 0, "percent_statements_covered": 0.0, "percent_statements_covered_display": "0"}, "missing_lines": [28, 29, 30], "excluded_lines": [], "start_line": 25}, "PVTool.apply_parameters": {"executed_lines": [], "summary": {"covered_lines": 0, "num_statements": 1, "percent_covered": 0.0, "percent_covered_display": "0", "missing_lines": 1, "excluded_lines": 0, "percent_statements_covered": 0.0, "percent_statements_covered_display": "0"}, "missing_lines": [35], "excluded_lines": [], "start_line": 32}, "PVTool.apply_settings": {"executed_lines": [], "summary": {"covered_lines": 0, "num_statements": 1, "percent_covered": 0.0, "percent_covered_display": "0", "missing_lines": 1, "excluded_lines": 0, "percent_statements_covered": 0.0, "percent_statements_covered_display": "0"}, "missing_lines": [40], "excluded_lines": [], "start_line": 37}, "PVTool.show_figure": {"executed_lines": [], "summary": {"covered_lines": 0, "num_statements": 1, "percent_covered": 0.0, "percent_covered_display": "0", "missing_lines": 1, "excluded_lines": 0, "percent_statements_covered": 0.0, "percent_statements_covered_display": "0"}, "missing_lines": [44], "excluded_lines": [], "start_line": 43}, "PVTool.show_results": {"executed_lines": [], "summary": {"covered_lines": 0, "num_statements": 1, "percent_covered": 0.0, "percent_covered_display": "0", "missing_lines": 1, "excluded_lines": 0, "percent_statements_covered": 0.0, "percent_statements_covered_display": "0"}, "missing_lines": [47], "excluded_lines": [], "start_line": 46}, "": {"executed_lines": [1, 2, 3, 4, 8, 9, 18, 22, 25, 32, 37, 43, 46], "summary": {"covered_lines": 13, "num_statements": 13, "percent_covered": 100.0, "percent_covered_display": "100", "missing_lines": 0, "excluded_lines": 0, "percent_statements_covered": 100.0, "percent_statements_covered_display": "100"}, "missing_lines": [], "excluded_lines": [], "start_line": 1}}, "classes": {"PVTool": {"executed_lines": [], "summary": {"covered_lines": 0, "num_statements": 14, "percent_covered": 0.0, "percent_covered_display": "0", "missing_lines": 14, "excluded_lines": 0, "percent_statements_covered": 0.0, "percent_statements_covered_display": "0"}, "missing_lines": [10, 11, 12, 13, 14, 20, 23, 28, 29, 30, 35, 40, 44, 47], "excluded_lines": [], "start_line": 8}, "": {"executed_lines": [1, 2, 3, 4, 8, 9, 18, 22, 25, 32, 37, 43, 46], "summary": {"covered_lines": 13, "num_statements": 13, "percent_covered": 100.0, "percent_covered_display": "100", "missing_lines": 0, "excluded_lines": 0, "percent_statements_covered": 100.0, "percent_statements_covered_display": "100"}, "missing_lines": [], "excluded_lines": [], "start_line": 1}}}, "pv_tool/cphi_analysis/__init__.py": {"executed_lines": [], "summary": {"covered_lines": 0, "num_statements": 0, "percent_covered": 100.0, "percent_covered_display": "100", "missing_lines": 0, "excluded_lines": 0, "percent_statements_covered": 100.0, "percent_statements_covered_display": "100"}, "missing_lines": [], "excluded_lines": [], "functions": {"": {"executed_lines": [], "summary": {"covered_lines": 0, "num_statements": 0, "percent_covered": 100.0, "percent_covered_display": "100", "missing_lines": 0, "excluded_lines": 0, "percent_statements_covered": 100.0, "percent_statements_covered_display": "100"}, "missing_lines": [], "excluded_lines": [], "start_line": 1}}, "classes": {"": {"executed_lines": [], "summary": {"covered_lines": 0, "num_statements": 0, "percent_covered": 100.0, "percent_covered_display": "100", "missing_lines": 0, "excluded_lines": 0, "percent_statements_covered": 100.0, "percent_statements_covered_display": "100"}, "missing_lines": [], "excluded_lines": [], "start_line": 1}}}, "pv_tool/cphi_analysis/c_phi_analysis.py": {"executed_lines": [1, 2, 3, 4, 5, 6, 8, 10, 11, 12, 22, 27, 35, 38, 46, 67, 74, 75, 76, 77, 80, 81, 82, 85, 86, 87, 88, 90, 91, 92, 93, 95, 96, 97, 98, 101, 102, 105, 106, 107, 108, 109, 110, 111, 112, 113, 114, 115, 117, 118, 120, 121, 123, 124, 127, 128, 132, 140, 141, 142, 144, 145, 146, 147, 148, 149, 152, 157, 159, 160, 161, 163, 164, 165, 166, 167, 168, 171, 176, 178, 180, 195, 196, 198, 201, 216, 217, 218, 219, 220, 221, 223, 224, 226, 228, 240, 241, 242, 243, 254, 255, 256, 258, 259, 260, 261, 262, 265, 268, 269, 270, 273, 274, 275, 276, 277, 278, 279, 280, 281, 283, 284, 286, 287, 288, 289, 291, 292, 293, 294, 295, 296, 297, 298, 299, 300, 303, 331, 334, 335, 336, 340, 387, 394, 395, 396, 397, 398, 399, 400, 401, 402, 404, 411, 412, 414, 419, 420, 422, 426, 427, 429, 434, 435, 436, 437, 438, 439, 443, 448, 450, 451, 453, 454, 456, 457, 458, 460, 461, 462, 464, 465, 466, 468, 469, 471, 478, 479, 480, 481, 483, 484, 485, 487, 488, 489, 491, 493, 498, 499, 500, 501, 502, 503, 505, 510, 511, 512, 516, 528, 529, 531, 532, 535, 536, 537, 538, 540, 541, 542, 543, 545, 547, 559, 560, 562, 563, 564, 565, 567, 580, 581, 582, 583, 584, 586, 596, 597, 598, 599, 600, 601, 602, 604, 605, 606, 607, 608, 609, 610, 611, 615, 620, 622, 623, 625, 634, 684, 685, 690, 691, 692, 700, 701, 703, 704, 706, 707, 710, 711, 712], "summary": {"covered_lines": 271, "num_statements": 328, "percent_covered": 82.6219512195122, "percent_covered_display": "83", "missing_lines": 57, "excluded_lines": 0, "percent_statements_covered": 82.6219512195122, "percent_statements_covered_display": "83"}, "missing_lines": [68, 153, 172, 244, 245, 246, 247, 249, 251, 302, 306, 307, 308, 309, 311, 312, 313, 314, 315, 316, 317, 318, 319, 320, 321, 322, 323, 324, 326, 327, 338, 357, 359, 360, 361, 362, 363, 365, 366, 367, 368, 369, 371, 377, 378, 379, 381, 383, 533, 621, 687, 688, 695, 696, 697, 698, 708], "excluded_lines": [], "functions": {"CPhiAnalyse.__init__": {"executed_lines": [67, 74, 75, 76, 77, 80, 81, 82, 85, 86, 87, 88, 90, 91, 92, 93, 95, 96, 97, 98, 101, 102, 105, 106, 107, 108, 109, 110, 111, 112, 113, 114, 115, 117, 118, 120, 121, 123, 124, 127, 128], "summary": {"covered_lines": 41, "num_statements": 42, "percent_covered": 97.61904761904762, "percent_covered_display": "98", "missing_lines": 1, "excluded_lines": 0, "percent_statements_covered": 97.61904761904762, "percent_statements_covered_display": "98"}, "missing_lines": [68], "excluded_lines": [], "start_line": 46}, "CPhiAnalyse.get_cphi_data": {"executed_lines": [140, 141, 142, 144, 145, 146, 147, 148, 149, 152, 157, 159, 160, 161, 163, 164, 165, 166, 167, 168, 171, 176, 178], "summary": {"covered_lines": 23, "num_statements": 25, "percent_covered": 92.0, "percent_covered_display": "92", "missing_lines": 2, "excluded_lines": 0, "percent_statements_covered": 92.0, "percent_statements_covered_display": "92"}, "missing_lines": [153, 172], "excluded_lines": [], "start_line": 132}, "CPhiAnalyse.apply_settings": {"executed_lines": [195, 196, 198], "summary": {"covered_lines": 3, "num_statements": 3, "percent_covered": 100.0, "percent_covered_display": "100", "missing_lines": 0, "excluded_lines": 0, "percent_statements_covered": 100.0, "percent_statements_covered_display": "100"}, "missing_lines": [], "excluded_lines": [], "start_line": 180}, "CPhiAnalyse.apply_parameters": {"executed_lines": [216, 217, 218, 219, 220, 221, 223, 224, 226], "summary": {"covered_lines": 9, "num_statements": 9, "percent_covered": 100.0, "percent_covered_display": "100", "missing_lines": 0, "excluded_lines": 0, "percent_statements_covered": 100.0, "percent_statements_covered_display": "100"}, "missing_lines": [], "excluded_lines": [], "start_line": 201}, "CPhiAnalyse.plot_spanningspaden": {"executed_lines": [240, 241, 242, 243, 254, 255, 256, 258, 259, 260, 261, 262, 265, 268, 269, 270, 273, 274, 275, 276, 277, 278, 279, 280, 281, 283, 284, 286, 287, 288, 289, 291, 292, 293, 294, 295, 296, 297, 298, 299, 300, 303, 331, 334, 335, 336], "summary": {"covered_lines": 46, "num_statements": 74, "percent_covered": 62.16216216216216, "percent_covered_display": "62", "missing_lines": 28, "excluded_lines": 0, "percent_statements_covered": 62.16216216216216, "percent_statements_covered_display": "62"}, "missing_lines": [244, 245, 246, 247, 249, 251, 302, 306, 307, 308, 309, 311, 312, 313, 314, 315, 316, 317, 318, 319, 320, 321, 322, 323, 324, 326, 327, 338], "excluded_lines": [], "start_line": 228}, "CPhiAnalyse.get_previous_results": {"executed_lines": [], "summary": {"covered_lines": 0, "num_statements": 17, "percent_covered": 0.0, "percent_covered_display": "0", "missing_lines": 17, "excluded_lines": 0, "percent_statements_covered": 0.0, "percent_statements_covered_display": "0"}, "missing_lines": [357, 359, 360, 361, 362, 363, 365, 366, 367, 368, 369, 371, 377, 378, 379, 381, 383], "excluded_lines": [], "start_line": 340}, "CPhiAnalyse.expand_analysis_df": {"executed_lines": [394, 395, 396, 397, 398, 399, 400, 401, 402], "summary": {"covered_lines": 9, "num_statements": 9, "percent_covered": 100.0, "percent_covered_display": "100", "missing_lines": 0, "excluded_lines": 0, "percent_statements_covered": 100.0, "percent_statements_covered_display": "100"}, "missing_lines": [], "excluded_lines": [], "start_line": 387}, "CPhiAnalyse.expand_analysis_df_sh": {"executed_lines": [411, 412], "summary": {"covered_lines": 2, "num_statements": 2, "percent_covered": 100.0, "percent_covered_display": "100", "missing_lines": 0, "excluded_lines": 0, "percent_statements_covered": 100.0, "percent_statements_covered_display": "100"}, "missing_lines": [], "excluded_lines": [], "start_line": 404}, "CPhiAnalyse.eerste_benadering": {"executed_lines": [419, 420], "summary": {"covered_lines": 2, "num_statements": 2, "percent_covered": 100.0, "percent_covered_display": "100", "missing_lines": 0, "excluded_lines": 0, "percent_statements_covered": 100.0, "percent_statements_covered_display": "100"}, "missing_lines": [], "excluded_lines": [], "start_line": 414}, "CPhiAnalyse.eerste_benadering_deel2": {"executed_lines": [426, 427], "summary": {"covered_lines": 2, "num_statements": 2, "percent_covered": 100.0, "percent_covered_display": "100", "missing_lines": 0, "excluded_lines": 0, "percent_statements_covered": 100.0, "percent_statements_covered_display": "100"}, "missing_lines": [], "excluded_lines": [], "start_line": 422}, "CPhiAnalyse.expand_analysis_df_corrected": {"executed_lines": [434, 435, 436, 437, 438, 439], "summary": {"covered_lines": 6, "num_statements": 6, "percent_covered": 100.0, "percent_covered_display": "100", "missing_lines": 0, "excluded_lines": 0, "percent_statements_covered": 100.0, "percent_statements_covered_display": "100"}, "missing_lines": [], "excluded_lines": [], "start_line": 429}, "CPhiAnalyse.result_values": {"executed_lines": [448, 450, 451, 453, 454, 456, 457, 458, 460, 461, 462, 464, 465, 466, 468, 469], "summary": {"covered_lines": 16, "num_statements": 16, "percent_covered": 100.0, "percent_covered_display": "100", "missing_lines": 0, "excluded_lines": 0, "percent_statements_covered": 100.0, "percent_statements_covered_display": "100"}, "missing_lines": [], "excluded_lines": [], "start_line": 443}, "CPhiAnalyse.result_values_sh": {"executed_lines": [478, 479, 480, 481, 483, 484, 485, 487, 488, 489, 491], "summary": {"covered_lines": 11, "num_statements": 11, "percent_covered": 100.0, "percent_covered_display": "100", "missing_lines": 0, "excluded_lines": 0, "percent_statements_covered": 100.0, "percent_statements_covered_display": "100"}, "missing_lines": [], "excluded_lines": [], "start_line": 471}, "CPhiAnalyse._run": {"executed_lines": [498, 499, 500, 501, 502, 503], "summary": {"covered_lines": 6, "num_statements": 6, "percent_covered": 100.0, "percent_covered_display": "100", "missing_lines": 0, "excluded_lines": 0, "percent_statements_covered": 100.0, "percent_statements_covered_display": "100"}, "missing_lines": [], "excluded_lines": [], "start_line": 493}, "CPhiAnalyse._run_sh": {"executed_lines": [510, 511, 512], "summary": {"covered_lines": 3, "num_statements": 3, "percent_covered": 100.0, "percent_covered_display": "100", "missing_lines": 0, "excluded_lines": 0, "percent_statements_covered": 100.0, "percent_statements_covered_display": "100"}, "missing_lines": [], "excluded_lines": [], "start_line": 505}, "CPhiAnalyse.set_figure": {"executed_lines": [528, 529, 531, 532, 535, 536, 537, 538, 540, 541, 542, 543, 545], "summary": {"covered_lines": 13, "num_statements": 14, "percent_covered": 92.85714285714286, "percent_covered_display": "93", "missing_lines": 1, "excluded_lines": 0, "percent_statements_covered": 92.85714285714286, "percent_statements_covered_display": "93"}, "missing_lines": [533], "excluded_lines": [], "start_line": 516}, "CPhiAnalyse.show_figure": {"executed_lines": [559, 560, 562, 563, 564, 565], "summary": {"covered_lines": 6, "num_statements": 6, "percent_covered": 100.0, "percent_covered_display": "100", "missing_lines": 0, "excluded_lines": 0, "percent_statements_covered": 100.0, "percent_statements_covered_display": "100"}, "missing_lines": [], "excluded_lines": [], "start_line": 547}, "CPhiAnalyse.save_fig_html": {"executed_lines": [580, 581, 582, 583, 584], "summary": {"covered_lines": 5, "num_statements": 5, "percent_covered": 100.0, "percent_covered_display": "100", "missing_lines": 0, "excluded_lines": 0, "percent_statements_covered": 100.0, "percent_statements_covered_display": "100"}, "missing_lines": [], "excluded_lines": [], "start_line": 567}, "CPhiAnalyse.get_short_results": {"executed_lines": [596, 597, 598, 599, 600, 601, 602, 604, 605, 606, 607, 608, 609, 610, 611], "summary": {"covered_lines": 15, "num_statements": 15, "percent_covered": 100.0, "percent_covered_display": "100", "missing_lines": 0, "excluded_lines": 0, "percent_statements_covered": 100.0, "percent_statements_covered_display": "100"}, "missing_lines": [], "excluded_lines": [], "start_line": 586}, "CPhiAnalyse.add_results_to_template": {"executed_lines": [620, 622, 623, 625, 634, 684, 685, 690, 691, 692, 700, 701, 703, 704], "summary": {"covered_lines": 14, "num_statements": 21, "percent_covered": 66.66666666666667, "percent_covered_display": "67", "missing_lines": 7, "excluded_lines": 0, "percent_statements_covered": 66.66666666666667, "percent_statements_covered_display": "67"}, "missing_lines": [621, 687, 688, 695, 696, 697, 698], "excluded_lines": [], "start_line": 615}, "CPhiAnalyse.save_total_to_excel": {"executed_lines": [], "summary": {"covered_lines": 0, "num_statements": 1, "percent_covered": 0.0, "percent_covered_display": "0", "missing_lines": 1, "excluded_lines": 0, "percent_statements_covered": 0.0, "percent_statements_covered_display": "0"}, "missing_lines": [708], "excluded_lines": [], "start_line": 707}, "CPhiAnalyse.save_to_pdf": {"executed_lines": [712], "summary": {"covered_lines": 1, "num_statements": 1, "percent_covered": 100.0, "percent_covered_display": "100", "missing_lines": 0, "excluded_lines": 0, "percent_statements_covered": 100.0, "percent_statements_covered_display": "100"}, "missing_lines": [], "excluded_lines": [], "start_line": 711}, "": {"executed_lines": [1, 2, 3, 4, 5, 6, 8, 10, 11, 12, 22, 27, 35, 38, 46, 132, 180, 201, 228, 340, 387, 404, 414, 422, 429, 443, 471, 493, 505, 516, 547, 567, 586, 615, 706, 707, 710, 711], "summary": {"covered_lines": 38, "num_statements": 38, "percent_covered": 100.0, "percent_covered_display": "100", "missing_lines": 0, "excluded_lines": 0, "percent_statements_covered": 100.0, "percent_statements_covered_display": "100"}, "missing_lines": [], "excluded_lines": [], "start_line": 1}}, "classes": {"CPhiAnalyse": {"executed_lines": [67, 74, 75, 76, 77, 80, 81, 82, 85, 86, 87, 88, 90, 91, 92, 93, 95, 96, 97, 98, 101, 102, 105, 106, 107, 108, 109, 110, 111, 112, 113, 114, 115, 117, 118, 120, 121, 123, 124, 127, 128, 140, 141, 142, 144, 145, 146, 147, 148, 149, 152, 157, 159, 160, 161, 163, 164, 165, 166, 167, 168, 171, 176, 178, 195, 196, 198, 216, 217, 218, 219, 220, 221, 223, 224, 226, 240, 241, 242, 243, 254, 255, 256, 258, 259, 260, 261, 262, 265, 268, 269, 270, 273, 274, 275, 276, 277, 278, 279, 280, 281, 283, 284, 286, 287, 288, 289, 291, 292, 293, 294, 295, 296, 297, 298, 299, 300, 303, 331, 334, 335, 336, 394, 395, 396, 397, 398, 399, 400, 401, 402, 411, 412, 419, 420, 426, 427, 434, 435, 436, 437, 438, 439, 448, 450, 451, 453, 454, 456, 457, 458, 460, 461, 462, 464, 465, 466, 468, 469, 478, 479, 480, 481, 483, 484, 485, 487, 488, 489, 491, 498, 499, 500, 501, 502, 503, 510, 511, 512, 528, 529, 531, 532, 535, 536, 537, 538, 540, 541, 542, 543, 545, 559, 560, 562, 563, 564, 565, 580, 581, 582, 583, 584, 596, 597, 598, 599, 600, 601, 602, 604, 605, 606, 607, 608, 609, 610, 611, 620, 622, 623, 625, 634, 684, 685, 690, 691, 692, 700, 701, 703, 704, 712], "summary": {"covered_lines": 233, "num_statements": 290, "percent_covered": 80.34482758620689, "percent_covered_display": "80", "missing_lines": 57, "excluded_lines": 0, "percent_statements_covered": 80.34482758620689, "percent_statements_covered_display": "80"}, "missing_lines": [68, 153, 172, 244, 245, 246, 247, 249, 251, 302, 306, 307, 308, 309, 311, 312, 313, 314, 315, 316, 317, 318, 319, 320, 321, 322, 323, 324, 326, 327, 338, 357, 359, 360, 361, 362, 363, 365, 366, 367, 368, 369, 371, 377, 378, 379, 381, 383, 533, 621, 687, 688, 695, 696, 697, 698, 708], "excluded_lines": [], "start_line": 38}, "": {"executed_lines": [1, 2, 3, 4, 5, 6, 8, 10, 11, 12, 22, 27, 35, 38, 46, 132, 180, 201, 228, 340, 387, 404, 414, 422, 429, 443, 471, 493, 505, 516, 547, 567, 586, 615, 706, 707, 710, 711], "summary": {"covered_lines": 38, "num_statements": 38, "percent_covered": 100.0, "percent_covered_display": "100", "missing_lines": 0, "excluded_lines": 0, "percent_statements_covered": 100.0, "percent_statements_covered_display": "100"}, "missing_lines": [], "excluded_lines": [], "start_line": 1}}}, "pv_tool/cphi_analysis/calc_parameters.py": {"executed_lines": [1, 3, 4, 5, 6, 7, 11, 17, 19, 20, 21, 24, 26, 27, 28, 31, 33, 34, 35, 38, 40, 41, 42, 45, 47, 48, 49, 50, 53, 55, 56, 59, 61, 63, 66, 68, 70, 73, 75, 76, 77, 78, 79, 80, 81, 82, 85, 87, 90, 92, 95, 97, 98, 101, 104, 106, 107, 109, 110, 113, 115, 116, 119, 122, 124, 127, 129, 130, 133, 134, 135, 136, 141, 143, 144, 146, 149, 151, 152, 157, 159, 160, 161, 162, 167, 169, 172, 174, 177, 183, 184, 187, 189, 192, 195, 198, 203, 204, 206, 213, 220, 221, 224, 230, 232, 233, 237, 238, 239, 240, 245, 247, 248, 249, 250], "summary": {"covered_lines": 115, "num_statements": 133, "percent_covered": 86.46616541353383, "percent_covered_display": "86", "missing_lines": 18, "excluded_lines": 2, "percent_statements_covered": 86.46616541353383, "percent_statements_covered_display": "86"}, "missing_lines": [100, 118, 132, 138, 154, 164, 188, 190, 207, 211, 214, 218, 225, 226, 227, 235, 242, 252], "excluded_lines": [9, 10], "functions": {"calc_watergehalte_gem": {"executed_lines": [19, 20, 21], "summary": {"covered_lines": 3, "num_statements": 3, "percent_covered": 100.0, "percent_covered_display": "100", "missing_lines": 0, "excluded_lines": 0, "percent_statements_covered": 100.0, "percent_statements_covered_display": "100"}, "missing_lines": [], "excluded_lines": [], "start_line": 17}, "calc_watergehalte_sd": {"executed_lines": [26, 27, 28], "summary": {"covered_lines": 3, "num_statements": 3, "percent_covered": 100.0, "percent_covered_display": "100", "missing_lines": 0, "excluded_lines": 0, "percent_statements_covered": 100.0, "percent_statements_covered_display": "100"}, "missing_lines": [], "excluded_lines": [], "start_line": 24}, "calc_vgwnat_gem": {"executed_lines": [33, 34, 35], "summary": {"covered_lines": 3, "num_statements": 3, "percent_covered": 100.0, "percent_covered_display": "100", "missing_lines": 0, "excluded_lines": 0, "percent_statements_covered": 100.0, "percent_statements_covered_display": "100"}, "missing_lines": [], "excluded_lines": [], "start_line": 31}, "calc_vgwnat_sd": {"executed_lines": [40, 41, 42], "summary": {"covered_lines": 3, "num_statements": 3, "percent_covered": 100.0, "percent_covered_display": "100", "missing_lines": 0, "excluded_lines": 0, "percent_statements_covered": 100.0, "percent_statements_covered_display": "100"}, "missing_lines": [], "excluded_lines": [], "start_line": 38}, "calc_a2_phi_gem": {"executed_lines": [47, 48, 49, 50], "summary": {"covered_lines": 4, "num_statements": 4, "percent_covered": 100.0, "percent_covered_display": "100", "missing_lines": 0, "excluded_lines": 0, "percent_statements_covered": 100.0, "percent_statements_covered_display": "100"}, "missing_lines": [], "excluded_lines": [], "start_line": 45}, "calc_a2_phi_gem_sh": {"executed_lines": [55, 56], "summary": {"covered_lines": 2, "num_statements": 2, "percent_covered": 100.0, "percent_covered_display": "100", "missing_lines": 0, "excluded_lines": 0, "percent_statements_covered": 100.0, "percent_statements_covered_display": "100"}, "missing_lines": [], "excluded_lines": [], "start_line": 53}, "calc_a2_phi_kar_onder_sh": {"executed_lines": [61, 63], "summary": {"covered_lines": 2, "num_statements": 2, "percent_covered": 100.0, "percent_covered_display": "100", "missing_lines": 0, "excluded_lines": 0, "percent_statements_covered": 100.0, "percent_statements_covered_display": "100"}, "missing_lines": [], "excluded_lines": [], "start_line": 59}, "calc_a2_phi_kar_boven_sh": {"executed_lines": [68, 70], "summary": {"covered_lines": 2, "num_statements": 2, "percent_covered": 100.0, "percent_covered_display": "100", "missing_lines": 0, "excluded_lines": 0, "percent_statements_covered": 100.0, "percent_statements_covered_display": "100"}, "missing_lines": [], "excluded_lines": [], "start_line": 66}, "calc_tan_phi_gem": {"executed_lines": [75, 76, 77, 78, 79, 80, 81, 82], "summary": {"covered_lines": 8, "num_statements": 8, "percent_covered": 100.0, "percent_covered_display": "100", "missing_lines": 0, "excluded_lines": 0, "percent_statements_covered": 100.0, "percent_statements_covered_display": "100"}, "missing_lines": [], "excluded_lines": [], "start_line": 73}, "helling_gecorrigeerd": {"executed_lines": [87], "summary": {"covered_lines": 1, "num_statements": 1, "percent_covered": 100.0, "percent_covered_display": "100", "missing_lines": 0, "excluded_lines": 0, "percent_statements_covered": 100.0, "percent_statements_covered_display": "100"}, "missing_lines": [], "excluded_lines": [], "start_line": 85}, "calc_a1_c_gem": {"executed_lines": [92], "summary": {"covered_lines": 1, "num_statements": 1, "percent_covered": 100.0, "percent_covered_display": "100", "missing_lines": 0, "excluded_lines": 0, "percent_statements_covered": 100.0, "percent_statements_covered_display": "100"}, "missing_lines": [], "excluded_lines": [], "start_line": 90}, "calc_a2_kar": {"executed_lines": [97, 98, 101], "summary": {"covered_lines": 3, "num_statements": 4, "percent_covered": 75.0, "percent_covered_display": "75", "missing_lines": 1, "excluded_lines": 0, "percent_statements_covered": 75.0, "percent_statements_covered_display": "75"}, "missing_lines": [100], "excluded_lines": [], "start_line": 95}, "calc_tan_phi_d": {"executed_lines": [106, 107, 109, 110], "summary": {"covered_lines": 4, "num_statements": 4, "percent_covered": 100.0, "percent_covered_display": "100", "missing_lines": 0, "excluded_lines": 0, "percent_statements_covered": 100.0, "percent_statements_covered_display": "100"}, "missing_lines": [], "excluded_lines": [], "start_line": 104}, "calc_a1_kar": {"executed_lines": [115, 116, 119], "summary": {"covered_lines": 3, "num_statements": 4, "percent_covered": 75.0, "percent_covered_display": "75", "missing_lines": 1, "excluded_lines": 0, "percent_statements_covered": 75.0, "percent_statements_covered_display": "75"}, "missing_lines": [118], "excluded_lines": [], "start_line": 113}, "calc_phi_gem": {"executed_lines": [124], "summary": {"covered_lines": 1, "num_statements": 1, "percent_covered": 100.0, "percent_covered_display": "100", "missing_lines": 0, "excluded_lines": 0, "percent_statements_covered": 100.0, "percent_statements_covered_display": "100"}, "missing_lines": [], "excluded_lines": [], "start_line": 122}, "calc_c_gem": {"executed_lines": [129, 130, 133, 134, 135, 136], "summary": {"covered_lines": 6, "num_statements": 8, "percent_covered": 75.0, "percent_covered_display": "75", "missing_lines": 2, "excluded_lines": 0, "percent_statements_covered": 75.0, "percent_statements_covered_display": "75"}, "missing_lines": [132, 138], "excluded_lines": [], "start_line": 127}, "calc_phi_kar": {"executed_lines": [143, 144, 146], "summary": {"covered_lines": 3, "num_statements": 3, "percent_covered": 100.0, "percent_covered_display": "100", "missing_lines": 0, "excluded_lines": 0, "percent_statements_covered": 100.0, "percent_statements_covered_display": "100"}, "missing_lines": [], "excluded_lines": [], "start_line": 141}, "calc_c_kar": {"executed_lines": [151, 152, 157, 159, 160, 161, 162], "summary": {"covered_lines": 7, "num_statements": 9, "percent_covered": 77.77777777777777, "percent_covered_display": "78", "missing_lines": 2, "excluded_lines": 0, "percent_statements_covered": 77.77777777777777, "percent_statements_covered_display": "78"}, "missing_lines": [154, 164], "excluded_lines": [], "start_line": 149}, "calc_phi_d": {"executed_lines": [169], "summary": {"covered_lines": 1, "num_statements": 1, "percent_covered": 100.0, "percent_covered_display": "100", "missing_lines": 0, "excluded_lines": 0, "percent_statements_covered": 100.0, "percent_statements_covered_display": "100"}, "missing_lines": [], "excluded_lines": [], "start_line": 167}, "calc_c_d": {"executed_lines": [174], "summary": {"covered_lines": 1, "num_statements": 1, "percent_covered": 100.0, "percent_covered_display": "100", "missing_lines": 0, "excluded_lines": 0, "percent_statements_covered": 100.0, "percent_statements_covered_display": "100"}, "missing_lines": [], "excluded_lines": [], "start_line": 172}, "calc_st_dev_phi": {"executed_lines": [183, 184, 187, 189, 192, 195], "summary": {"covered_lines": 6, "num_statements": 8, "percent_covered": 75.0, "percent_covered_display": "75", "missing_lines": 2, "excluded_lines": 0, "percent_statements_covered": 75.0, "percent_statements_covered_display": "75"}, "missing_lines": [188, 190], "excluded_lines": [], "start_line": 177}, "calc_st_dev_c": {"executed_lines": [203, 204, 206, 213, 220, 221, 224], "summary": {"covered_lines": 7, "num_statements": 14, "percent_covered": 50.0, "percent_covered_display": "50", "missing_lines": 7, "excluded_lines": 0, "percent_statements_covered": 50.0, "percent_statements_covered_display": "50"}, "missing_lines": [207, 211, 214, 218, 225, 226, 227], "excluded_lines": [], "start_line": 198}, "calc_tan_phi_kar": {"executed_lines": [232, 233, 237, 238, 239, 240], "summary": {"covered_lines": 6, "num_statements": 8, "percent_covered": 75.0, "percent_covered_display": "75", "missing_lines": 2, "excluded_lines": 0, "percent_statements_covered": 75.0, "percent_statements_covered_display": "75"}, "missing_lines": [235, 242], "excluded_lines": [], "start_line": 230}, "calc_tan_phi_kar_sh": {"executed_lines": [247, 248, 249, 250], "summary": {"covered_lines": 4, "num_statements": 5, "percent_covered": 80.0, "percent_covered_display": "80", "missing_lines": 1, "excluded_lines": 0, "percent_statements_covered": 80.0, "percent_statements_covered_display": "80"}, "missing_lines": [252], "excluded_lines": [], "start_line": 245}, "": {"executed_lines": [1, 3, 4, 5, 6, 7, 11, 17, 24, 31, 38, 45, 53, 59, 66, 73, 85, 90, 95, 104, 113, 122, 127, 141, 149, 167, 172, 177, 198, 230, 245], "summary": {"covered_lines": 31, "num_statements": 31, "percent_covered": 100.0, "percent_covered_display": "100", "missing_lines": 0, "excluded_lines": 2, "percent_statements_covered": 100.0, "percent_statements_covered_display": "100"}, "missing_lines": [], "excluded_lines": [9, 10], "start_line": 1}}, "classes": {"": {"executed_lines": [1, 3, 4, 5, 6, 7, 11, 17, 19, 20, 21, 24, 26, 27, 28, 31, 33, 34, 35, 38, 40, 41, 42, 45, 47, 48, 49, 50, 53, 55, 56, 59, 61, 63, 66, 68, 70, 73, 75, 76, 77, 78, 79, 80, 81, 82, 85, 87, 90, 92, 95, 97, 98, 101, 104, 106, 107, 109, 110, 113, 115, 116, 119, 122, 124, 127, 129, 130, 133, 134, 135, 136, 141, 143, 144, 146, 149, 151, 152, 157, 159, 160, 161, 162, 167, 169, 172, 174, 177, 183, 184, 187, 189, 192, 195, 198, 203, 204, 206, 213, 220, 221, 224, 230, 232, 233, 237, 238, 239, 240, 245, 247, 248, 249, 250], "summary": {"covered_lines": 115, "num_statements": 133, "percent_covered": 86.46616541353383, "percent_covered_display": "86", "missing_lines": 18, "excluded_lines": 2, "percent_statements_covered": 86.46616541353383, "percent_statements_covered_display": "86"}, "missing_lines": [100, 118, 132, 138, 154, 164, 188, 190, 207, 211, 214, 218, 225, 226, 227, 235, 242, 252], "excluded_lines": [9, 10], "start_line": 1}}}, "pv_tool/cphi_analysis/expand_analysis_df.py": {"executed_lines": [1, 2, 6, 9, 11, 12, 13, 16, 18, 19, 20, 23, 25, 26, 27, 30, 32, 33, 34, 35, 38, 40, 41, 44, 46, 49, 51, 54, 56, 57, 58, 59, 60, 61, 62, 65, 67, 74, 77, 79, 86, 89, 91, 92, 95, 97, 99, 102, 104, 106, 109, 111, 112, 115, 118, 120, 121, 124, 126, 129, 131, 132, 135, 142, 145, 147, 148, 151, 157, 160, 162, 164, 167, 169, 171], "summary": {"covered_lines": 75, "num_statements": 79, "percent_covered": 94.9367088607595, "percent_covered_display": "95", "missing_lines": 4, "excluded_lines": 2, "percent_statements_covered": 94.9367088607595, "percent_statements_covered_display": "95"}, "missing_lines": [114, 123, 134, 150], "excluded_lines": [4, 5], "functions": {"calculate_tan_a": {"executed_lines": [11, 12, 13], "summary": {"covered_lines": 3, "num_statements": 3, "percent_covered": 100.0, "percent_covered_display": "100", "missing_lines": 0, "excluded_lines": 0, "percent_statements_covered": 100.0, "percent_statements_covered_display": "100"}, "missing_lines": [], "excluded_lines": [], "start_line": 9}, "calculate_ln_tan_a": {"executed_lines": [18, 19, 20], "summary": {"covered_lines": 3, "num_statements": 3, "percent_covered": 100.0, "percent_covered_display": "100", "missing_lines": 0, "excluded_lines": 0, "percent_statements_covered": 100.0, "percent_statements_covered_display": "100"}, "missing_lines": [], "excluded_lines": [], "start_line": 16}, "calculate_s_tt": {"executed_lines": [25, 26, 27], "summary": {"covered_lines": 3, "num_statements": 3, "percent_covered": 100.0, "percent_covered_display": "100", "missing_lines": 0, "excluded_lines": 0, "percent_statements_covered": 100.0, "percent_statements_covered_display": "100"}, "missing_lines": [], "excluded_lines": [], "start_line": 23}, "calculate_s_ty": {"executed_lines": [32, 33, 34, 35], "summary": {"covered_lines": 4, "num_statements": 4, "percent_covered": 100.0, "percent_covered_display": "100", "missing_lines": 0, "excluded_lines": 0, "percent_statements_covered": 100.0, "percent_statements_covered_display": "100"}, "missing_lines": [], "excluded_lines": [], "start_line": 30}, "calculate_kappa_2": {"executed_lines": [40, 41], "summary": {"covered_lines": 2, "num_statements": 2, "percent_covered": 100.0, "percent_covered_display": "100", "missing_lines": 0, "excluded_lines": 0, "percent_statements_covered": 100.0, "percent_statements_covered_display": "100"}, "missing_lines": [], "excluded_lines": [], "start_line": 38}, "s_min": {"executed_lines": [46], "summary": {"covered_lines": 1, "num_statements": 1, "percent_covered": 100.0, "percent_covered_display": "100", "missing_lines": 0, "excluded_lines": 0, "percent_statements_covered": 100.0, "percent_statements_covered_display": "100"}, "missing_lines": [], "excluded_lines": [], "start_line": 44}, "s_max": {"executed_lines": [51], "summary": {"covered_lines": 1, "num_statements": 1, "percent_covered": 100.0, "percent_covered_display": "100", "missing_lines": 0, "excluded_lines": 0, "percent_statements_covered": 100.0, "percent_statements_covered_display": "100"}, "missing_lines": [], "excluded_lines": [], "start_line": 49}, "calculate_s": {"executed_lines": [56, 57, 58, 59, 60, 61, 62], "summary": {"covered_lines": 7, "num_statements": 7, "percent_covered": 100.0, "percent_covered_display": "100", "missing_lines": 0, "excluded_lines": 0, "percent_statements_covered": 100.0, "percent_statements_covered_display": "100"}, "missing_lines": [], "excluded_lines": [], "start_line": 54}, "calculate_5pr_ondergrens": {"executed_lines": [67, 74], "summary": {"covered_lines": 2, "num_statements": 2, "percent_covered": 100.0, "percent_covered_display": "100", "missing_lines": 0, "excluded_lines": 0, "percent_statements_covered": 100.0, "percent_statements_covered_display": "100"}, "missing_lines": [], "excluded_lines": [], "start_line": 65}, "calculate_5pr_bovengrens": {"executed_lines": [79, 86], "summary": {"covered_lines": 2, "num_statements": 2, "percent_covered": 100.0, "percent_covered_display": "100", "missing_lines": 0, "excluded_lines": 0, "percent_statements_covered": 100.0, "percent_statements_covered_display": "100"}, "missing_lines": [], "excluded_lines": [], "start_line": 77}, "calculate_s_tt_ondergrens": {"executed_lines": [91, 92], "summary": {"covered_lines": 2, "num_statements": 2, "percent_covered": 100.0, "percent_covered_display": "100", "missing_lines": 0, "excluded_lines": 0, "percent_statements_covered": 100.0, "percent_statements_covered_display": "100"}, "missing_lines": [], "excluded_lines": [], "start_line": 89}, "calculate_s_ty_ondergrens": {"executed_lines": [97, 99], "summary": {"covered_lines": 2, "num_statements": 2, "percent_covered": 100.0, "percent_covered_display": "100", "missing_lines": 0, "excluded_lines": 0, "percent_statements_covered": 100.0, "percent_statements_covered_display": "100"}, "missing_lines": [], "excluded_lines": [], "start_line": 95}, "calculate_kappa_2_ondergrens": {"executed_lines": [104, 106], "summary": {"covered_lines": 2, "num_statements": 2, "percent_covered": 100.0, "percent_covered_display": "100", "missing_lines": 0, "excluded_lines": 0, "percent_statements_covered": 100.0, "percent_statements_covered_display": "100"}, "missing_lines": [], "excluded_lines": [], "start_line": 102}, "calculate_correctie_t": {"executed_lines": [111, 112, 115], "summary": {"covered_lines": 3, "num_statements": 4, "percent_covered": 75.0, "percent_covered_display": "75", "missing_lines": 1, "excluded_lines": 0, "percent_statements_covered": 75.0, "percent_statements_covered_display": "75"}, "missing_lines": [114], "excluded_lines": [], "start_line": 109}, "kappa_2_2pr_cor": {"executed_lines": [120, 121, 124, 126], "summary": {"covered_lines": 4, "num_statements": 5, "percent_covered": 80.0, "percent_covered_display": "80", "missing_lines": 1, "excluded_lines": 0, "percent_statements_covered": 80.0, "percent_statements_covered_display": "80"}, "missing_lines": [123], "excluded_lines": [], "start_line": 118}, "calculate_5pr_ondergrens_correctie_c": {"executed_lines": [131, 132, 135, 142], "summary": {"covered_lines": 4, "num_statements": 5, "percent_covered": 80.0, "percent_covered_display": "80", "missing_lines": 1, "excluded_lines": 0, "percent_statements_covered": 80.0, "percent_statements_covered_display": "80"}, "missing_lines": [134], "excluded_lines": [], "start_line": 129}, "calculate_5pr_bovengrens_correctie_c": {"executed_lines": [147, 148, 151, 157], "summary": {"covered_lines": 4, "num_statements": 5, "percent_covered": 80.0, "percent_covered_display": "80", "missing_lines": 1, "excluded_lines": 0, "percent_statements_covered": 80.0, "percent_statements_covered_display": "80"}, "missing_lines": [150], "excluded_lines": [], "start_line": 145}, "calculate_s_ty_ondergrens_correctie_c": {"executed_lines": [162, 164], "summary": {"covered_lines": 2, "num_statements": 2, "percent_covered": 100.0, "percent_covered_display": "100", "missing_lines": 0, "excluded_lines": 0, "percent_statements_covered": 100.0, "percent_statements_covered_display": "100"}, "missing_lines": [], "excluded_lines": [], "start_line": 160}, "calculate_kappa_2_ondergrens_correctie_c": {"executed_lines": [169, 171], "summary": {"covered_lines": 2, "num_statements": 2, "percent_covered": 100.0, "percent_covered_display": "100", "missing_lines": 0, "excluded_lines": 0, "percent_statements_covered": 100.0, "percent_statements_covered_display": "100"}, "missing_lines": [], "excluded_lines": [], "start_line": 167}, "": {"executed_lines": [1, 2, 6, 9, 16, 23, 30, 38, 44, 49, 54, 65, 77, 89, 95, 102, 109, 118, 129, 145, 160, 167], "summary": {"covered_lines": 22, "num_statements": 22, "percent_covered": 100.0, "percent_covered_display": "100", "missing_lines": 0, "excluded_lines": 2, "percent_statements_covered": 100.0, "percent_statements_covered_display": "100"}, "missing_lines": [], "excluded_lines": [4, 5], "start_line": 1}}, "classes": {"": {"executed_lines": [1, 2, 6, 9, 11, 12, 13, 16, 18, 19, 20, 23, 25, 26, 27, 30, 32, 33, 34, 35, 38, 40, 41, 44, 46, 49, 51, 54, 56, 57, 58, 59, 60, 61, 62, 65, 67, 74, 77, 79, 86, 89, 91, 92, 95, 97, 99, 102, 104, 106, 109, 111, 112, 115, 118, 120, 121, 124, 126, 129, 131, 132, 135, 142, 145, 147, 148, 151, 157, 160, 162, 164, 167, 169, 171], "summary": {"covered_lines": 75, "num_statements": 79, "percent_covered": 94.9367088607595, "percent_covered_display": "95", "missing_lines": 4, "excluded_lines": 2, "percent_statements_covered": 94.9367088607595, "percent_statements_covered_display": "95"}, "missing_lines": [114, 123, 134, 150], "excluded_lines": [4, 5], "start_line": 1}}}, "pv_tool/cphi_analysis/globals.py": {"executed_lines": [4, 6, 8, 10, 12, 14, 16, 24, 33, 37, 39, 41, 43, 45, 47, 49, 51, 53, 63], "summary": {"covered_lines": 19, "num_statements": 19, "percent_covered": 100.0, "percent_covered_display": "100", "missing_lines": 0, "excluded_lines": 0, "percent_statements_covered": 100.0, "percent_statements_covered_display": "100"}, "missing_lines": [], "excluded_lines": [], "functions": {"": {"executed_lines": [4, 6, 8, 10, 12, 14, 16, 24, 33, 37, 39, 41, 43, 45, 47, 49, 51, 53, 63], "summary": {"covered_lines": 19, "num_statements": 19, "percent_covered": 100.0, "percent_covered_display": "100", "missing_lines": 0, "excluded_lines": 0, "percent_statements_covered": 100.0, "percent_statements_covered_display": "100"}, "missing_lines": [], "excluded_lines": [], "start_line": 1}}, "classes": {"": {"executed_lines": [4, 6, 8, 10, 12, 14, 16, 24, 33, 37, 39, 41, 43, 45, 47, 49, 51, 53, 63], "summary": {"covered_lines": 19, "num_statements": 19, "percent_covered": 100.0, "percent_covered_display": "100", "missing_lines": 0, "excluded_lines": 0, "percent_statements_covered": 100.0, "percent_statements_covered_display": "100"}, "missing_lines": [], "excluded_lines": [], "start_line": 1}}}, "pv_tool/cphi_analysis/save_and_export.py": {"executed_lines": [1, 2, 3, 4, 5, 6, 7, 8, 9, 10, 16, 48, 64, 65, 66, 69, 78, 81, 82, 84, 86, 87, 88, 89, 91, 92, 94, 95, 96, 105, 108, 117, 118, 120, 122, 123, 127, 128, 130, 131, 135, 136, 140, 141, 142, 143, 145, 146, 147, 149, 150, 156, 159, 168, 169, 170, 171, 172, 173, 179, 182, 217, 243, 245, 247, 250, 251, 252, 253, 254, 256, 257, 258, 259, 262, 263, 264, 265, 266, 269, 272, 273, 276, 279, 280, 281, 284, 285, 286, 287, 289, 290, 293, 295, 296, 299, 300, 301, 304, 305, 306, 309, 312, 313, 314, 315, 319, 320], "summary": {"covered_lines": 108, "num_statements": 139, "percent_covered": 77.6978417266187, "percent_covered_display": "78", "missing_lines": 31, "excluded_lines": 2, "percent_statements_covered": 77.6978417266187, "percent_statements_covered_display": "78"}, "missing_lines": [31, 32, 35, 36, 39, 40, 43, 44, 45, 124, 125, 132, 133, 137, 138, 196, 197, 198, 199, 200, 201, 202, 203, 205, 206, 207, 208, 210, 214, 316, 317], "excluded_lines": [12, 13], "functions": {"save_total_to_excel": {"executed_lines": [], "summary": {"covered_lines": 0, "num_statements": 9, "percent_covered": 0.0, "percent_covered_display": "0", "missing_lines": 9, "excluded_lines": 0, "percent_statements_covered": 0.0, "percent_statements_covered_display": "0"}, "missing_lines": [31, 32, 35, 36, 39, 40, 43, 44, 45], "excluded_lines": [], "start_line": 16}, "_df_to_table_with_index": {"executed_lines": [64, 65, 66], "summary": {"covered_lines": 3, "num_statements": 3, "percent_covered": 100.0, "percent_covered_display": "100", "missing_lines": 0, "excluded_lines": 0, "percent_statements_covered": 100.0, "percent_statements_covered_display": "100"}, "missing_lines": [], "excluded_lines": [], "start_line": 48}, "_create_input_table": {"executed_lines": [78, 81, 82, 84, 86, 87, 88, 89, 91, 92, 94, 95, 96, 105], "summary": {"covered_lines": 14, "num_statements": 14, "percent_covered": 100.0, "percent_covered_display": "100", "missing_lines": 0, "excluded_lines": 0, "percent_statements_covered": 100.0, "percent_statements_covered_display": "100"}, "missing_lines": [], "excluded_lines": [], "start_line": 69}, "_create_initial_values_table": {"executed_lines": [117, 118, 120, 122, 123, 127, 128, 130, 131, 135, 136, 140, 141, 142, 143, 145, 146, 147, 149, 150, 156], "summary": {"covered_lines": 21, "num_statements": 27, "percent_covered": 77.77777777777777, "percent_covered_display": "78", "missing_lines": 6, "excluded_lines": 0, "percent_statements_covered": 77.77777777777777, "percent_statements_covered_display": "78"}, "missing_lines": [124, 125, 132, 133, 137, 138], "excluded_lines": [], "start_line": 108}, "_create_results_table": {"executed_lines": [168, 169, 170, 171, 172, 173, 179], "summary": {"covered_lines": 7, "num_statements": 7, "percent_covered": 100.0, "percent_covered_display": "100", "missing_lines": 0, "excluded_lines": 0, "percent_statements_covered": 100.0, "percent_statements_covered_display": "100"}, "missing_lines": [], "excluded_lines": [], "start_line": 159}, "_get_manual_values_paragraphs": {"executed_lines": [], "summary": {"covered_lines": 0, "num_statements": 14, "percent_covered": 0.0, "percent_covered_display": "0", "missing_lines": 14, "excluded_lines": 0, "percent_statements_covered": 0.0, "percent_statements_covered_display": "0"}, "missing_lines": [196, 197, 198, 199, 200, 201, 202, 203, 205, 206, 207, 208, 210, 214], "excluded_lines": [], "start_line": 182}, "save_to_pdf": {"executed_lines": [243, 245, 247, 250, 251, 252, 253, 254, 256, 257, 258, 259, 262, 263, 264, 265, 266, 269, 272, 273, 276, 279, 280, 281, 284, 285, 286, 287, 289, 290, 293, 295, 296, 299, 300, 301, 304, 305, 306, 309, 312, 313, 314, 315, 319, 320], "summary": {"covered_lines": 46, "num_statements": 48, "percent_covered": 95.83333333333333, "percent_covered_display": "96", "missing_lines": 2, "excluded_lines": 0, "percent_statements_covered": 95.83333333333333, "percent_statements_covered_display": "96"}, "missing_lines": [316, 317], "excluded_lines": [], "start_line": 217}, "": {"executed_lines": [1, 2, 3, 4, 5, 6, 7, 8, 9, 10, 16, 48, 69, 108, 159, 182, 217], "summary": {"covered_lines": 17, "num_statements": 17, "percent_covered": 100.0, "percent_covered_display": "100", "missing_lines": 0, "excluded_lines": 2, "percent_statements_covered": 100.0, "percent_statements_covered_display": "100"}, "missing_lines": [], "excluded_lines": [12, 13], "start_line": 1}}, "classes": {"": {"executed_lines": [1, 2, 3, 4, 5, 6, 7, 8, 9, 10, 16, 48, 64, 65, 66, 69, 78, 81, 82, 84, 86, 87, 88, 89, 91, 92, 94, 95, 96, 105, 108, 117, 118, 120, 122, 123, 127, 128, 130, 131, 135, 136, 140, 141, 142, 143, 145, 146, 147, 149, 150, 156, 159, 168, 169, 170, 171, 172, 173, 179, 182, 217, 243, 245, 247, 250, 251, 252, 253, 254, 256, 257, 258, 259, 262, 263, 264, 265, 266, 269, 272, 273, 276, 279, 280, 281, 284, 285, 286, 287, 289, 290, 293, 295, 296, 299, 300, 301, 304, 305, 306, 309, 312, 313, 314, 315, 319, 320], "summary": {"covered_lines": 108, "num_statements": 139, "percent_covered": 77.6978417266187, "percent_covered_display": "78", "missing_lines": 31, "excluded_lines": 2, "percent_statements_covered": 77.6978417266187, "percent_statements_covered_display": "78"}, "missing_lines": [31, 32, 35, 36, 39, 40, 43, 44, 45, 124, 125, 132, 133, 137, 138, 196, 197, 198, 199, 200, 201, 202, 203, 205, 206, 207, 208, 210, 214, 316, 317], "excluded_lines": [12, 13], "start_line": 1}}}, "pv_tool/cphi_analysis/test_c_phi_analysis.py": {"executed_lines": [1, 2, 3, 5, 6, 7, 8, 10, 11, 12, 15, 18, 20, 21, 22, 23, 24, 27, 29, 30, 37, 39, 41, 43, 44, 46, 49, 52, 54, 55, 57, 59, 60, 61, 63, 71, 72, 73, 76, 77, 80, 81, 83, 84, 87, 89, 90, 91, 97, 98, 100, 101, 102, 103, 109, 113, 116, 117, 118, 120, 121], "summary": {"covered_lines": 61, "num_statements": 68, "percent_covered": 89.70588235294117, "percent_covered_display": "90", "missing_lines": 7, "excluded_lines": 0, "percent_statements_covered": 89.70588235294117, "percent_statements_covered_display": "90"}, "missing_lines": [93, 94, 105, 106, 110, 122, 123], "excluded_lines": [], "functions": {"test_cphi_analyse": {"executed_lines": [20, 21, 22, 23, 24, 27, 29, 30, 37, 39, 41, 43, 44, 46, 49], "summary": {"covered_lines": 15, "num_statements": 15, "percent_covered": 100.0, "percent_covered_display": "100", "missing_lines": 0, "excluded_lines": 0, "percent_statements_covered": 100.0, "percent_statements_covered_display": "100"}, "missing_lines": [], "excluded_lines": [], "start_line": 18}, "TestImportAndValidate.test_cphi_analyse": {"executed_lines": [55], "summary": {"covered_lines": 1, "num_statements": 1, "percent_covered": 100.0, "percent_covered_display": "100", "missing_lines": 0, "excluded_lines": 0, "percent_statements_covered": 100.0, "percent_statements_covered_display": "100"}, "missing_lines": [], "excluded_lines": [], "start_line": 54}, "TestImportAndValidate.test_creating_figures": {"executed_lines": [59, 60, 61, 63, 71, 72, 73, 76, 77, 80, 81, 83, 84, 87, 89, 90, 91, 97, 98, 100, 101, 102, 103, 109, 113, 116, 117, 118, 120, 121], "summary": {"covered_lines": 30, "num_statements": 37, "percent_covered": 81.08108108108108, "percent_covered_display": "81", "missing_lines": 7, "excluded_lines": 0, "percent_statements_covered": 81.08108108108108, "percent_statements_covered_display": "81"}, "missing_lines": [93, 94, 105, 106, 110, 122, 123], "excluded_lines": [], "start_line": 57}, "": {"executed_lines": [1, 2, 3, 5, 6, 7, 8, 10, 11, 12, 15, 18, 52, 54, 57], "summary": {"covered_lines": 15, "num_statements": 15, "percent_covered": 100.0, "percent_covered_display": "100", "missing_lines": 0, "excluded_lines": 0, "percent_statements_covered": 100.0, "percent_statements_covered_display": "100"}, "missing_lines": [], "excluded_lines": [], "start_line": 1}}, "classes": {"TestImportAndValidate": {"executed_lines": [55, 59, 60, 61, 63, 71, 72, 73, 76, 77, 80, 81, 83, 84, 87, 89, 90, 91, 97, 98, 100, 101, 102, 103, 109, 113, 116, 117, 118, 120, 121], "summary": {"covered_lines": 31, "num_statements": 38, "percent_covered": 81.57894736842105, "percent_covered_display": "82", "missing_lines": 7, "excluded_lines": 0, "percent_statements_covered": 81.57894736842105, "percent_statements_covered_display": "82"}, "missing_lines": [93, 94, 105, 106, 110, 122, 123], "excluded_lines": [], "start_line": 52}, "": {"executed_lines": [1, 2, 3, 5, 6, 7, 8, 10, 11, 12, 15, 18, 20, 21, 22, 23, 24, 27, 29, 30, 37, 39, 41, 43, 44, 46, 49, 52, 54, 57], "summary": {"covered_lines": 30, "num_statements": 30, "percent_covered": 100.0, "percent_covered_display": "100", "missing_lines": 0, "excluded_lines": 0, "percent_statements_covered": 100.0, "percent_statements_covered_display": "100"}, "missing_lines": [], "excluded_lines": [], "start_line": 1}}}, "pv_tool/cphi_analysis/variables.py": {"executed_lines": [1, 3, 4, 8, 9, 12, 13, 16, 17, 20, 21, 24, 25, 28, 29, 32, 33, 36, 37, 40, 41, 44, 45, 48, 49, 53, 54, 57, 58, 61, 62, 65, 66, 69, 70, 71, 72, 75, 76, 77, 78, 81, 82, 85, 86, 89, 90, 93, 94, 96, 99, 105, 106, 109, 110, 113, 114, 117, 118, 121, 122, 125, 126, 129, 130, 131, 134, 135, 138, 139, 142, 143, 146, 147, 150, 151, 154, 155, 158, 159, 161, 164, 165, 168, 169, 172, 174, 175, 176, 179, 182, 188, 189, 191, 196, 197, 200, 201, 203, 204, 210, 211, 212, 213, 214, 215, 216, 217, 218, 221, 222, 223, 226, 227, 228, 229, 232, 233, 234, 235, 236], "summary": {"covered_lines": 121, "num_statements": 130, "percent_covered": 93.07692307692308, "percent_covered_display": "93", "missing_lines": 9, "excluded_lines": 2, "percent_statements_covered": 93.07692307692308, "percent_statements_covered_display": "93"}, "missing_lines": [100, 102, 180, 183, 192, 198, 206, 207, 225], "excluded_lines": [6, 7], "functions": {"count_s": {"executed_lines": [13], "summary": {"covered_lines": 1, "num_statements": 1, "percent_covered": 100.0, "percent_covered_display": "100", "missing_lines": 0, "excluded_lines": 0, "percent_statements_covered": 100.0, "percent_statements_covered_display": "100"}, "missing_lines": [], "excluded_lines": [], "start_line": 12}, "sum_s": {"executed_lines": [17], "summary": {"covered_lines": 1, "num_statements": 1, "percent_covered": 100.0, "percent_covered_display": "100", "missing_lines": 0, "excluded_lines": 0, "percent_statements_covered": 100.0, "percent_statements_covered_display": "100"}, "missing_lines": [], "excluded_lines": [], "start_line": 16}, "sum_t": {"executed_lines": [21], "summary": {"covered_lines": 1, "num_statements": 1, "percent_covered": 100.0, "percent_covered_display": "100", "missing_lines": 0, "excluded_lines": 0, "percent_statements_covered": 100.0, "percent_statements_covered_display": "100"}, "missing_lines": [], "excluded_lines": [], "start_line": 20}, "sum_s_tt": {"executed_lines": [25], "summary": {"covered_lines": 1, "num_statements": 1, "percent_covered": 100.0, "percent_covered_display": "100", "missing_lines": 0, "excluded_lines": 0, "percent_statements_covered": 100.0, "percent_statements_covered_display": "100"}, "missing_lines": [], "excluded_lines": [], "start_line": 24}, "sum_s_ty": {"executed_lines": [29], "summary": {"covered_lines": 1, "num_statements": 1, "percent_covered": 100.0, "percent_covered_display": "100", "missing_lines": 0, "excluded_lines": 0, "percent_statements_covered": 100.0, "percent_statements_covered_display": "100"}, "missing_lines": [], "excluded_lines": [], "start_line": 28}, "e_a2": {"executed_lines": [33], "summary": {"covered_lines": 1, "num_statements": 1, "percent_covered": 100.0, "percent_covered_display": "100", "missing_lines": 0, "excluded_lines": 0, "percent_statements_covered": 100.0, "percent_statements_covered_display": "100"}, "missing_lines": [], "excluded_lines": [], "start_line": 32}, "e_a1": {"executed_lines": [37], "summary": {"covered_lines": 1, "num_statements": 1, "percent_covered": 100.0, "percent_covered_display": "100", "missing_lines": 0, "excluded_lines": 0, "percent_statements_covered": 100.0, "percent_statements_covered_display": "100"}, "missing_lines": [], "excluded_lines": [], "start_line": 36}, "sum_kappa_2": {"executed_lines": [41], "summary": {"covered_lines": 1, "num_statements": 1, "percent_covered": 100.0, "percent_covered_display": "100", "missing_lines": 0, "excluded_lines": 0, "percent_statements_covered": 100.0, "percent_statements_covered_display": "100"}, "missing_lines": [], "excluded_lines": [], "start_line": 40}, "var_a2": {"executed_lines": [45], "summary": {"covered_lines": 1, "num_statements": 1, "percent_covered": 100.0, "percent_covered_display": "100", "missing_lines": 0, "excluded_lines": 0, "percent_statements_covered": 100.0, "percent_statements_covered_display": "100"}, "missing_lines": [], "excluded_lines": [], "start_line": 44}, "var_a1": {"executed_lines": [49], "summary": {"covered_lines": 1, "num_statements": 1, "percent_covered": 100.0, "percent_covered_display": "100", "missing_lines": 0, "excluded_lines": 0, "percent_statements_covered": 100.0, "percent_statements_covered_display": "100"}, "missing_lines": [], "excluded_lines": [], "start_line": 48}, "cov_a1_a2": {"executed_lines": [54], "summary": {"covered_lines": 1, "num_statements": 1, "percent_covered": 100.0, "percent_covered_display": "100", "missing_lines": 0, "excluded_lines": 0, "percent_statements_covered": 100.0, "percent_statements_covered_display": "100"}, "missing_lines": [], "excluded_lines": [], "start_line": 53}, "rho_a1_a2": {"executed_lines": [58], "summary": {"covered_lines": 1, "num_statements": 1, "percent_covered": 100.0, "percent_covered_display": "100", "missing_lines": 0, "excluded_lines": 0, "percent_statements_covered": 100.0, "percent_statements_covered_display": "100"}, "missing_lines": [], "excluded_lines": [], "start_line": 57}, "sigma_a2": {"executed_lines": [62], "summary": {"covered_lines": 1, "num_statements": 1, "percent_covered": 100.0, "percent_covered_display": "100", "missing_lines": 0, "excluded_lines": 0, "percent_statements_covered": 100.0, "percent_statements_covered_display": "100"}, "missing_lines": [], "excluded_lines": [], "start_line": 61}, "sigma_a1": {"executed_lines": [66], "summary": {"covered_lines": 1, "num_statements": 1, "percent_covered": 100.0, "percent_covered_display": "100", "missing_lines": 0, "excluded_lines": 0, "percent_statements_covered": 100.0, "percent_statements_covered_display": "100"}, "missing_lines": [], "excluded_lines": [], "start_line": 65}, "t_n_2": {"executed_lines": [70, 71, 72], "summary": {"covered_lines": 3, "num_statements": 3, "percent_covered": 100.0, "percent_covered_display": "100", "missing_lines": 0, "excluded_lines": 0, "percent_statements_covered": 100.0, "percent_statements_covered_display": "100"}, "missing_lines": [], "excluded_lines": [], "start_line": 69}, "t_n_2_sh": {"executed_lines": [76, 77, 78], "summary": {"covered_lines": 3, "num_statements": 3, "percent_covered": 100.0, "percent_covered_display": "100", "missing_lines": 0, "excluded_lines": 0, "percent_statements_covered": 100.0, "percent_statements_covered_display": "100"}, "missing_lines": [], "excluded_lines": [], "start_line": 75}, "gem_ln_tan_a_sh": {"executed_lines": [82], "summary": {"covered_lines": 1, "num_statements": 1, "percent_covered": 100.0, "percent_covered_display": "100", "missing_lines": 0, "excluded_lines": 0, "percent_statements_covered": 100.0, "percent_statements_covered_display": "100"}, "missing_lines": [], "excluded_lines": [], "start_line": 81}, "std_ln_tan_a_sh": {"executed_lines": [86], "summary": {"covered_lines": 1, "num_statements": 1, "percent_covered": 100.0, "percent_covered_display": "100", "missing_lines": 0, "excluded_lines": 0, "percent_statements_covered": 100.0, "percent_statements_covered_display": "100"}, "missing_lines": [], "excluded_lines": [], "start_line": 85}, "var_a2_gem_sh": {"executed_lines": [90], "summary": {"covered_lines": 1, "num_statements": 1, "percent_covered": 100.0, "percent_covered_display": "100", "missing_lines": 0, "excluded_lines": 0, "percent_statements_covered": 100.0, "percent_statements_covered_display": "100"}, "missing_lines": [], "excluded_lines": [], "start_line": 89}, "var_a2_onder_sh": {"executed_lines": [94, 96], "summary": {"covered_lines": 2, "num_statements": 2, "percent_covered": 100.0, "percent_covered_display": "100", "missing_lines": 0, "excluded_lines": 0, "percent_statements_covered": 100.0, "percent_statements_covered_display": "100"}, "missing_lines": [], "excluded_lines": [], "start_line": 93}, "var_a2_boven_sh": {"executed_lines": [], "summary": {"covered_lines": 0, "num_statements": 2, "percent_covered": 0.0, "percent_covered_display": "0", "missing_lines": 2, "excluded_lines": 0, "percent_statements_covered": 0.0, "percent_statements_covered_display": "0"}, "missing_lines": [100, 102], "excluded_lines": [], "start_line": 99}, "sum_s2": {"executed_lines": [106], "summary": {"covered_lines": 1, "num_statements": 1, "percent_covered": 100.0, "percent_covered_display": "100", "missing_lines": 0, "excluded_lines": 0, "percent_statements_covered": 100.0, "percent_statements_covered_display": "100"}, "missing_lines": [], "excluded_lines": [], "start_line": 105}, "count_s2": {"executed_lines": [110], "summary": {"covered_lines": 1, "num_statements": 1, "percent_covered": 100.0, "percent_covered_display": "100", "missing_lines": 0, "excluded_lines": 0, "percent_statements_covered": 100.0, "percent_statements_covered_display": "100"}, "missing_lines": [], "excluded_lines": [], "start_line": 109}, "sum_5pr_ondergrens": {"executed_lines": [114], "summary": {"covered_lines": 1, "num_statements": 1, "percent_covered": 100.0, "percent_covered_display": "100", "missing_lines": 0, "excluded_lines": 0, "percent_statements_covered": 100.0, "percent_statements_covered_display": "100"}, "missing_lines": [], "excluded_lines": [], "start_line": 113}, "sum_s_tt_ondergrens": {"executed_lines": [118], "summary": {"covered_lines": 1, "num_statements": 1, "percent_covered": 100.0, "percent_covered_display": "100", "missing_lines": 0, "excluded_lines": 0, "percent_statements_covered": 100.0, "percent_statements_covered_display": "100"}, "missing_lines": [], "excluded_lines": [], "start_line": 117}, "sum_s_ty_ondergrens": {"executed_lines": [122], "summary": {"covered_lines": 1, "num_statements": 1, "percent_covered": 100.0, "percent_covered_display": "100", "missing_lines": 0, "excluded_lines": 0, "percent_statements_covered": 100.0, "percent_statements_covered_display": "100"}, "missing_lines": [], "excluded_lines": [], "start_line": 121}, "a2_kar": {"executed_lines": [126], "summary": {"covered_lines": 1, "num_statements": 1, "percent_covered": 100.0, "percent_covered_display": "100", "missing_lines": 0, "excluded_lines": 0, "percent_statements_covered": 100.0, "percent_statements_covered_display": "100"}, "missing_lines": [], "excluded_lines": [], "start_line": 125}, "a1_kar": {"executed_lines": [130, 131], "summary": {"covered_lines": 2, "num_statements": 2, "percent_covered": 100.0, "percent_covered_display": "100", "missing_lines": 0, "excluded_lines": 0, "percent_statements_covered": 100.0, "percent_statements_covered_display": "100"}, "missing_lines": [], "excluded_lines": [], "start_line": 129}, "sum_5_pr_ondergrens_gecorrigeerd": {"executed_lines": [135], "summary": {"covered_lines": 1, "num_statements": 1, "percent_covered": 100.0, "percent_covered_display": "100", "missing_lines": 0, "excluded_lines": 0, "percent_statements_covered": 100.0, "percent_statements_covered_display": "100"}, "missing_lines": [], "excluded_lines": [], "start_line": 134}, "sum_s_ty_ondergrens_gecorrigeerd": {"executed_lines": [139], "summary": {"covered_lines": 1, "num_statements": 1, "percent_covered": 100.0, "percent_covered_display": "100", "missing_lines": 0, "excluded_lines": 0, "percent_statements_covered": 100.0, "percent_statements_covered_display": "100"}, "missing_lines": [], "excluded_lines": [], "start_line": 138}, "a2_kar_gecorrigeerd": {"executed_lines": [143], "summary": {"covered_lines": 1, "num_statements": 1, "percent_covered": 100.0, "percent_covered_display": "100", "missing_lines": 0, "excluded_lines": 0, "percent_statements_covered": 100.0, "percent_statements_covered_display": "100"}, "missing_lines": [], "excluded_lines": [], "start_line": 142}, "a1_kar_gecorrigeerd": {"executed_lines": [147], "summary": {"covered_lines": 1, "num_statements": 1, "percent_covered": 100.0, "percent_covered_display": "100", "missing_lines": 0, "excluded_lines": 0, "percent_statements_covered": 100.0, "percent_statements_covered_display": "100"}, "missing_lines": [], "excluded_lines": [], "start_line": 146}, "sum_kappa_2_2pr_gecorrigeerd": {"executed_lines": [151], "summary": {"covered_lines": 1, "num_statements": 1, "percent_covered": 100.0, "percent_covered_display": "100", "missing_lines": 0, "excluded_lines": 0, "percent_statements_covered": 100.0, "percent_statements_covered_display": "100"}, "missing_lines": [], "excluded_lines": [], "start_line": 150}, "var_a2_gecorrigeerd": {"executed_lines": [155], "summary": {"covered_lines": 1, "num_statements": 1, "percent_covered": 100.0, "percent_covered_display": "100", "missing_lines": 0, "excluded_lines": 0, "percent_statements_covered": 100.0, "percent_statements_covered_display": "100"}, "missing_lines": [], "excluded_lines": [], "start_line": 154}, "var_a1_gecorrigeerd": {"executed_lines": [159, 161], "summary": {"covered_lines": 2, "num_statements": 2, "percent_covered": 100.0, "percent_covered_display": "100", "missing_lines": 0, "excluded_lines": 0, "percent_statements_covered": 100.0, "percent_statements_covered_display": "100"}, "missing_lines": [], "excluded_lines": [], "start_line": 158}, "sigma_a2_gecorrigeerd": {"executed_lines": [165], "summary": {"covered_lines": 1, "num_statements": 1, "percent_covered": 100.0, "percent_covered_display": "100", "missing_lines": 0, "excluded_lines": 0, "percent_statements_covered": 100.0, "percent_statements_covered_display": "100"}, "missing_lines": [], "excluded_lines": [], "start_line": 164}, "sigma_a1_gecorrigeerd": {"executed_lines": [169], "summary": {"covered_lines": 1, "num_statements": 1, "percent_covered": 100.0, "percent_covered_display": "100", "missing_lines": 0, "excluded_lines": 0, "percent_statements_covered": 100.0, "percent_statements_covered_display": "100"}, "missing_lines": [], "excluded_lines": [], "start_line": 168}, "helling_gecor": {"executed_lines": [174, 175, 176, 179, 182, 188, 189, 191, 196, 197, 200, 201, 203, 204], "summary": {"covered_lines": 14, "num_statements": 20, "percent_covered": 70.0, "percent_covered_display": "70", "missing_lines": 6, "excluded_lines": 0, "percent_statements_covered": 70.0, "percent_statements_covered_display": "70"}, "missing_lines": [180, 183, 192, 198, 206, 207], "excluded_lines": [], "start_line": 172}, "var_tan_phi_gem": {"executed_lines": [211, 212, 213, 214, 215, 216, 217, 218], "summary": {"covered_lines": 8, "num_statements": 8, "percent_covered": 100.0, "percent_covered_display": "100", "missing_lines": 0, "excluded_lines": 0, "percent_statements_covered": 100.0, "percent_statements_covered_display": "100"}, "missing_lines": [], "excluded_lines": [], "start_line": 210}, "var_tan_phi_kar": {"executed_lines": [222, 223, 226, 227, 228, 229], "summary": {"covered_lines": 6, "num_statements": 7, "percent_covered": 85.71428571428571, "percent_covered_display": "86", "missing_lines": 1, "excluded_lines": 0, "percent_statements_covered": 85.71428571428571, "percent_statements_covered_display": "86"}, "missing_lines": [225], "excluded_lines": [], "start_line": 221}, "var_tan_phi_kar_sh": {"executed_lines": [233, 234, 235, 236], "summary": {"covered_lines": 4, "num_statements": 4, "percent_covered": 100.0, "percent_covered_display": "100", "missing_lines": 0, "excluded_lines": 0, "percent_statements_covered": 100.0, "percent_statements_covered_display": "100"}, "missing_lines": [], "excluded_lines": [], "start_line": 232}, "": {"executed_lines": [1, 3, 4, 8, 9, 12, 16, 20, 24, 28, 32, 36, 40, 44, 48, 53, 57, 61, 65, 69, 75, 81, 85, 89, 93, 99, 105, 109, 113, 117, 121, 125, 129, 134, 138, 142, 146, 150, 154, 158, 164, 168, 172, 210, 221, 232], "summary": {"covered_lines": 46, "num_statements": 46, "percent_covered": 100.0, "percent_covered_display": "100", "missing_lines": 0, "excluded_lines": 2, "percent_statements_covered": 100.0, "percent_statements_covered_display": "100"}, "missing_lines": [], "excluded_lines": [6, 7], "start_line": 1}}, "classes": {"": {"executed_lines": [1, 3, 4, 8, 9, 12, 13, 16, 17, 20, 21, 24, 25, 28, 29, 32, 33, 36, 37, 40, 41, 44, 45, 48, 49, 53, 54, 57, 58, 61, 62, 65, 66, 69, 70, 71, 72, 75, 76, 77, 78, 81, 82, 85, 86, 89, 90, 93, 94, 96, 99, 105, 106, 109, 110, 113, 114, 117, 118, 121, 122, 125, 126, 129, 130, 131, 134, 135, 138, 139, 142, 143, 146, 147, 150, 151, 154, 155, 158, 159, 161, 164, 165, 168, 169, 172, 174, 175, 176, 179, 182, 188, 189, 191, 196, 197, 200, 201, 203, 204, 210, 211, 212, 213, 214, 215, 216, 217, 218, 221, 222, 223, 226, 227, 228, 229, 232, 233, 234, 235, 236], "summary": {"covered_lines": 121, "num_statements": 130, "percent_covered": 93.07692307692308, "percent_covered_display": "93", "missing_lines": 9, "excluded_lines": 2, "percent_statements_covered": 93.07692307692308, "percent_statements_covered_display": "93"}, "missing_lines": [100, 102, 180, 183, 192, 198, 206, 207, 225], "excluded_lines": [6, 7], "start_line": 1}}}, "pv_tool/cphi_analysis/visualization.py": {"executed_lines": [1, 2, 6, 7, 8, 9, 10, 11, 14, 26, 28, 30, 31, 33, 48, 66, 92, 94, 95, 97, 112, 114, 115, 116, 117, 119, 120, 122, 137, 139, 140, 142, 157, 159, 160, 161, 162, 164, 165, 167, 182, 184, 185, 187, 188, 190, 191, 192, 193, 207, 208, 210, 221, 223, 225, 228, 230, 231, 233, 234, 235, 236, 237, 244, 245, 247, 258, 260, 261, 262, 263, 265, 266, 268, 279, 293, 296, 297, 300, 301, 303, 306, 319, 320, 322, 325, 342, 361, 364, 370, 371, 372, 373, 375, 376, 377, 378], "summary": {"covered_lines": 97, "num_statements": 135, "percent_covered": 71.85185185185185, "percent_covered_display": "72", "missing_lines": 38, "excluded_lines": 2, "percent_statements_covered": 71.85185185185185, "percent_statements_covered_display": "72"}, "missing_lines": [49, 50, 51, 52, 54, 56, 58, 59, 61, 62, 63, 68, 69, 71, 72, 73, 74, 75, 76, 78, 89, 194, 195, 196, 197, 198, 199, 200, 201, 203, 204, 205, 224, 239, 240, 241, 242, 294], "excluded_lines": [4, 5], "functions": {"add_proefresultaten": {"executed_lines": [28, 30, 31, 33], "summary": {"covered_lines": 4, "num_statements": 4, "percent_covered": 100.0, "percent_covered_display": "100", "missing_lines": 0, "excluded_lines": 0, "percent_statements_covered": 100.0, "percent_statements_covered_display": "100"}, "missing_lines": [], "excluded_lines": [], "start_line": 26}, "get_extra_data": {"executed_lines": [], "summary": {"covered_lines": 0, "num_statements": 11, "percent_covered": 0.0, "percent_covered_display": "0", "missing_lines": 11, "excluded_lines": 0, "percent_statements_covered": 0.0, "percent_statements_covered_display": "0"}, "missing_lines": [49, 50, 51, 52, 54, 56, 58, 59, 61, 62, 63], "excluded_lines": [], "start_line": 48}, "add_extra_proefresultaten": {"executed_lines": [], "summary": {"covered_lines": 0, "num_statements": 10, "percent_covered": 0.0, "percent_covered_display": "0", "missing_lines": 10, "excluded_lines": 0, "percent_statements_covered": 0.0, "percent_statements_covered_display": "0"}, "missing_lines": [68, 69, 71, 72, 73, 74, 75, 76, 78, 89], "excluded_lines": [], "start_line": 66}, "add_5pr_bovengrens": {"executed_lines": [94, 95, 97], "summary": {"covered_lines": 3, "num_statements": 3, "percent_covered": 100.0, "percent_covered_display": "100", "missing_lines": 0, "excluded_lines": 0, "percent_statements_covered": 100.0, "percent_statements_covered_display": "100"}, "missing_lines": [], "excluded_lines": [], "start_line": 92}, "add_raaklijn_kar_boven": {"executed_lines": [114, 115, 116, 117, 119, 120, 122], "summary": {"covered_lines": 7, "num_statements": 7, "percent_covered": 100.0, "percent_covered_display": "100", "missing_lines": 0, "excluded_lines": 0, "percent_statements_covered": 100.0, "percent_statements_covered_display": "100"}, "missing_lines": [], "excluded_lines": [], "start_line": 112}, "add_5pr_ondergrens": {"executed_lines": [139, 140, 142], "summary": {"covered_lines": 3, "num_statements": 3, "percent_covered": 100.0, "percent_covered_display": "100", "missing_lines": 0, "excluded_lines": 0, "percent_statements_covered": 100.0, "percent_statements_covered_display": "100"}, "missing_lines": [], "excluded_lines": [], "start_line": 137}, "add_raaklijn_kar_onder": {"executed_lines": [159, 160, 161, 162, 164, 165, 167], "summary": {"covered_lines": 7, "num_statements": 7, "percent_covered": 100.0, "percent_covered_display": "100", "missing_lines": 0, "excluded_lines": 0, "percent_statements_covered": 100.0, "percent_statements_covered_display": "100"}, "missing_lines": [], "excluded_lines": [], "start_line": 157}, "add_fysische_realiseerbare_ondergrens": {"executed_lines": [184, 185, 187, 188, 190, 191, 192, 193, 207, 208, 210], "summary": {"covered_lines": 11, "num_statements": 22, "percent_covered": 50.0, "percent_covered_display": "50", "missing_lines": 11, "excluded_lines": 0, "percent_statements_covered": 50.0, "percent_statements_covered_display": "50"}, "missing_lines": [194, 195, 196, 197, 198, 199, 200, 201, 203, 204, 205], "excluded_lines": [], "start_line": 182}, "_get_helling_value": {"executed_lines": [223, 225], "summary": {"covered_lines": 2, "num_statements": 3, "percent_covered": 66.66666666666667, "percent_covered_display": "67", "missing_lines": 1, "excluded_lines": 0, "percent_statements_covered": 66.66666666666667, "percent_statements_covered_display": "67"}, "missing_lines": [224], "excluded_lines": [], "start_line": 221}, "add_gemiddelde": {"executed_lines": [230, 231, 233, 234, 235, 236, 237, 244, 245, 247], "summary": {"covered_lines": 10, "num_statements": 14, "percent_covered": 71.42857142857143, "percent_covered_display": "71", "missing_lines": 4, "excluded_lines": 0, "percent_statements_covered": 71.42857142857143, "percent_statements_covered_display": "71"}, "missing_lines": [239, 240, 241, 242], "excluded_lines": [], "start_line": 228}, "add_gemiddelde_sh": {"executed_lines": [260, 261, 262, 263, 265, 266, 268], "summary": {"covered_lines": 7, "num_statements": 7, "percent_covered": 100.0, "percent_covered_display": "100", "missing_lines": 0, "excluded_lines": 0, "percent_statements_covered": 100.0, "percent_statements_covered_display": "100"}, "missing_lines": [], "excluded_lines": [], "start_line": 258}, "_get_marker_direction": {"executed_lines": [293, 296, 297, 300, 301, 303], "summary": {"covered_lines": 6, "num_statements": 7, "percent_covered": 85.71428571428571, "percent_covered_display": "86", "missing_lines": 1, "excluded_lines": 0, "percent_statements_covered": 85.71428571428571, "percent_statements_covered_display": "86"}, "missing_lines": [294], "excluded_lines": [], "start_line": 279}, "add_stress_paths": {"executed_lines": [319, 320, 322, 325, 342, 361], "summary": {"covered_lines": 6, "num_statements": 6, "percent_covered": 100.0, "percent_covered_display": "100", "missing_lines": 0, "excluded_lines": 0, "percent_statements_covered": 100.0, "percent_statements_covered_display": "100"}, "missing_lines": [], "excluded_lines": [], "start_line": 306}, "set_layout": {"executed_lines": [370, 371, 372, 373, 375, 376, 377, 378], "summary": {"covered_lines": 8, "num_statements": 8, "percent_covered": 100.0, "percent_covered_display": "100", "missing_lines": 0, "excluded_lines": 0, "percent_statements_covered": 100.0, "percent_statements_covered_display": "100"}, "missing_lines": [], "excluded_lines": [], "start_line": 364}, "": {"executed_lines": [1, 2, 6, 7, 8, 9, 10, 11, 14, 26, 48, 66, 92, 112, 137, 157, 182, 221, 228, 258, 279, 306, 364], "summary": {"covered_lines": 23, "num_statements": 23, "percent_covered": 100.0, "percent_covered_display": "100", "missing_lines": 0, "excluded_lines": 2, "percent_statements_covered": 100.0, "percent_statements_covered_display": "100"}, "missing_lines": [], "excluded_lines": [4, 5], "start_line": 1}}, "classes": {"": {"executed_lines": [1, 2, 6, 7, 8, 9, 10, 11, 14, 26, 28, 30, 31, 33, 48, 66, 92, 94, 95, 97, 112, 114, 115, 116, 117, 119, 120, 122, 137, 139, 140, 142, 157, 159, 160, 161, 162, 164, 165, 167, 182, 184, 185, 187, 188, 190, 191, 192, 193, 207, 208, 210, 221, 223, 225, 228, 230, 231, 233, 234, 235, 236, 237, 244, 245, 247, 258, 260, 261, 262, 263, 265, 266, 268, 279, 293, 296, 297, 300, 301, 303, 306, 319, 320, 322, 325, 342, 361, 364, 370, 371, 372, 373, 375, 376, 377, 378], "summary": {"covered_lines": 97, "num_statements": 135, "percent_covered": 71.85185185185185, "percent_covered_display": "72", "missing_lines": 38, "excluded_lines": 2, "percent_statements_covered": 71.85185185185185, "percent_statements_covered_display": "72"}, "missing_lines": [49, 50, 51, 52, 54, 56, 58, 59, 61, 62, 63, 68, 69, 71, 72, 73, 74, 75, 76, 78, 89, 194, 195, 196, 197, 198, 199, 200, 201, 203, 204, 205, 224, 239, 240, 241, 242, 294], "excluded_lines": [4, 5], "start_line": 1}}}, "pv_tool/imports/__init__.py": {"executed_lines": [], "summary": {"covered_lines": 0, "num_statements": 0, "percent_covered": 100.0, "percent_covered_display": "100", "missing_lines": 0, "excluded_lines": 0, "percent_statements_covered": 100.0, "percent_statements_covered_display": "100"}, "missing_lines": [], "excluded_lines": [], "functions": {"": {"executed_lines": [], "summary": {"covered_lines": 0, "num_statements": 0, "percent_covered": 100.0, "percent_covered_display": "100", "missing_lines": 0, "excluded_lines": 0, "percent_statements_covered": 100.0, "percent_statements_covered_display": "100"}, "missing_lines": [], "excluded_lines": [], "start_line": 1}}, "classes": {"": {"executed_lines": [], "summary": {"covered_lines": 0, "num_statements": 0, "percent_covered": 100.0, "percent_covered_display": "100", "missing_lines": 0, "excluded_lines": 0, "percent_statements_covered": 100.0, "percent_statements_covered_display": "100"}, "missing_lines": [], "excluded_lines": [], "start_line": 1}}}, "pv_tool/imports/add_ana_columns.py": {"executed_lines": [1, 2, 3, 9, 14, 23, 28, 31, 32, 33, 34, 36, 37, 39, 44, 47, 50, 51, 53, 56, 57, 59, 61, 64, 66, 67, 70, 74, 75, 78, 83, 86, 91, 92, 98, 102, 103, 109, 113, 114, 119, 121, 124, 128, 129, 134, 136, 139, 141, 142, 143, 146, 148, 151, 153, 157, 164, 166, 167, 173, 178, 179, 181, 182, 184, 185, 186, 189, 192, 197, 200, 201, 202, 203, 205, 206, 207, 209, 211, 213, 214, 219, 222, 223, 224, 225, 227, 228, 229, 231, 234, 236, 237], "summary": {"covered_lines": 93, "num_statements": 102, "percent_covered": 91.17647058823529, "percent_covered_display": "91", "missing_lines": 9, "excluded_lines": 2, "percent_statements_covered": 91.17647058823529, "percent_statements_covered_display": "91"}, "missing_lines": [41, 117, 132, 187, 194, 210, 216, 233, 239], "excluded_lines": [5, 6], "functions": {"add_columns": {"executed_lines": [14, 23, 28, 31, 32, 33, 34, 36, 37, 39, 44, 47, 50, 51, 53, 56, 57, 59, 61], "summary": {"covered_lines": 19, "num_statements": 20, "percent_covered": 95.0, "percent_covered_display": "95", "missing_lines": 1, "excluded_lines": 0, "percent_statements_covered": 95.0, "percent_statements_covered_display": "95"}, "missing_lines": [41], "excluded_lines": [], "start_line": 9}, "add_terreinspanning": {"executed_lines": [66, 67], "summary": {"covered_lines": 2, "num_statements": 2, "percent_covered": 100.0, "percent_covered_display": "100", "missing_lines": 0, "excluded_lines": 0, "percent_statements_covered": 100.0, "percent_statements_covered_display": "100"}, "missing_lines": [], "excluded_lines": [], "start_line": 64}, "add_txt_max_vert_consol_sp": {"executed_lines": [74, 75], "summary": {"covered_lines": 2, "num_statements": 2, "percent_covered": 100.0, "percent_covered_display": "100", "missing_lines": 0, "excluded_lines": 0, "percent_statements_covered": 100.0, "percent_statements_covered_display": "100"}, "missing_lines": [], "excluded_lines": [], "start_line": 70}, "add_dss_max_consol_sp": {"executed_lines": [83], "summary": {"covered_lines": 1, "num_statements": 1, "percent_covered": 100.0, "percent_covered_display": "100", "missing_lines": 0, "excluded_lines": 0, "percent_statements_covered": 100.0, "percent_statements_covered_display": "100"}, "missing_lines": [], "excluded_lines": [], "start_line": 78}, "add_txt_consol_type": {"executed_lines": [91, 92], "summary": {"covered_lines": 2, "num_statements": 2, "percent_covered": 100.0, "percent_covered_display": "100", "missing_lines": 0, "excluded_lines": 0, "percent_statements_covered": 100.0, "percent_statements_covered_display": "100"}, "missing_lines": [], "excluded_lines": [], "start_line": 86}, "add_dss_consol_type": {"executed_lines": [102, 103], "summary": {"covered_lines": 2, "num_statements": 2, "percent_covered": 100.0, "percent_covered_display": "100", "missing_lines": 0, "excluded_lines": 0, "percent_statements_covered": 100.0, "percent_statements_covered_display": "100"}, "missing_lines": [], "excluded_lines": [], "start_line": 98}, "add_txt_consol_type_reken": {"executed_lines": [113, 121], "summary": {"covered_lines": 2, "num_statements": 2, "percent_covered": 100.0, "percent_covered_display": "100", "missing_lines": 0, "excluded_lines": 0, "percent_statements_covered": 100.0, "percent_statements_covered_display": "100"}, "missing_lines": [], "excluded_lines": [], "start_line": 109}, "add_txt_consol_type_reken.calculate_row": {"executed_lines": [114, 119], "summary": {"covered_lines": 2, "num_statements": 3, "percent_covered": 66.66666666666667, "percent_covered_display": "67", "missing_lines": 1, "excluded_lines": 0, "percent_statements_covered": 66.66666666666667, "percent_statements_covered_display": "67"}, "missing_lines": [117], "excluded_lines": [], "start_line": 113}, "add_dss_consol_type_reken": {"executed_lines": [128, 136], "summary": {"covered_lines": 2, "num_statements": 2, "percent_covered": 100.0, "percent_covered_display": "100", "missing_lines": 0, "excluded_lines": 0, "percent_statements_covered": 100.0, "percent_statements_covered_display": "100"}, "missing_lines": [], "excluded_lines": [],
[...]
melings_dropdowns": {"executed_lines": [], "summary": {"covered_lines": 0, "num_statements": 14, "percent_covered": 0.0, "percent_covered_display": "0", "missing_lines": 14, "excluded_lines": 0, "percent_statements_covered": 0.0, "percent_statements_covered_display": "0"}, "missing_lines": [272, 273, 274, 275, 276, 277, 278, 279, 281, 282, 283, 284, 285, 286], "excluded_lines": [], "start_line": 271}, "koppel_callbacks.update_rekpercentage_output": {"executed_lines": [], "summary": {"covered_lines": 0, "num_statements": 5, "percent_covered": 0.0, "percent_covered_display": "0", "missing_lines": 5, "excluded_lines": 0, "percent_statements_covered": 0.0, "percent_statements_covered_display": "0"}, "missing_lines": [290, 291, 292, 293, 295], "excluded_lines": [], "start_line": 288}, "toon_widgets": {"executed_lines": [], "summary": {"covered_lines": 0, "num_statements": 9, "percent_covered": 0.0, "percent_covered_display": "0", "missing_lines": 9, "excluded_lines": 0, "percent_statements_covered": 0.0, "percent_statements_covered_display": "0"}, "missing_lines": [314, 315, 316, 317, 318, 319, 320, 321, 322], "excluded_lines": [], "start_line": 310}, "dropdown_widgets": {"executed_lines": [], "summary": {"covered_lines": 0, "num_statements": 7, "percent_covered": 0.0, "percent_covered_display": "0", "missing_lines": 7, "excluded_lines": 0, "percent_statements_covered": 0.0, "percent_statements_covered_display": "0"}, "missing_lines": [327, 328, 331, 335, 338, 344, 348], "excluded_lines": [], "start_line": 325}, "toon_cphi_tabel": {"executed_lines": [], "summary": {"covered_lines": 0, "num_statements": 19, "percent_covered": 0.0, "percent_covered_display": "0", "missing_lines": 19, "excluded_lines": 0, "percent_statements_covered": 0.0, "percent_statements_covered_display": "0"}, "missing_lines": [367, 368, 369, 370, 372, 379, 387, 394, 401, 402, 403, 404, 405, 407, 408, 409, 411, 415, 416], "excluded_lines": [], "start_line": 352}, "toon_cphi_tabel.on_value_change": {"executed_lines": [], "summary": {"covered_lines": 0, "num_statements": 5, "percent_covered": 0.0, "percent_covered_display": "0", "missing_lines": 5, "excluded_lines": 0, "percent_statements_covered": 0.0, "percent_statements_covered_display": "0"}, "missing_lines": [395, 396, 397, 398, 399], "excluded_lines": [], "start_line": 394}, "voer_cphi_analyse_uit": {"executed_lines": [], "summary": {"covered_lines": 0, "num_statements": 37, "percent_covered": 0.0, "percent_covered_display": "0", "missing_lines": 37, "excluded_lines": 0, "percent_statements_covered": 0.0, "percent_statements_covered_display": "0"}, "missing_lines": [436, 437, 441, 442, 443, 444, 446, 448, 449, 450, 453, 460, 461, 464, 465, 466, 467, 470, 471, 476, 477, 478, 480, 481, 482, 485, 486, 487, 488, 489, 492, 503, 504, 505, 506, 507, 508], "excluded_lines": [], "start_line": 419}, "show_cphi_analysis": {"executed_lines": [], "summary": {"covered_lines": 0, "num_statements": 22, "percent_covered": 0.0, "percent_covered_display": "0", "missing_lines": 22, "excluded_lines": 0, "percent_statements_covered": 0.0, "percent_statements_covered_display": "0"}, "missing_lines": [529, 530, 532, 534, 536, 542, 547, 554, 555, 557, 558, 559, 561, 562, 563, 570, 572, 573, 574, 577, 578, 579], "excluded_lines": [], "start_line": 511}, "export_results": {"executed_lines": [], "summary": {"covered_lines": 0, "num_statements": 11, "percent_covered": 0.0, "percent_covered_display": "0", "missing_lines": 11, "excluded_lines": 0, "percent_statements_covered": 0.0, "percent_statements_covered_display": "0"}, "missing_lines": [591, 592, 593, 594, 596, 598, 599, 600, 603, 605, 607], "excluded_lines": [], "start_line": 582}, "": {"executed_lines": [], "summary": {"covered_lines": 0, "num_statements": 30, "percent_covered": 0.0, "percent_covered_display": "0", "missing_lines": 30, "excluded_lines": 0, "percent_statements_covered": 0.0, "percent_statements_covered_display": "0"}, "missing_lines": [1, 2, 3, 4, 5, 6, 7, 8, 9, 12, 21, 35, 44, 54, 67, 96, 131, 140, 173, 183, 205, 215, 224, 265, 310, 325, 352, 419, 511, 582], "excluded_lines": [], "start_line": 1}}, "classes": {"": {"executed_lines": [], "summary": {"covered_lines": 0, "num_statements": 256, "percent_covered": 0.0, "percent_covered_display": "0", "missing_lines": 256, "excluded_lines": 0, "percent_statements_covered": 0.0, "percent_statements_covered_display": "0"}, "missing_lines": [1, 2, 3, 4, 5, 6, 7, 8, 9, 12, 14, 15, 16, 18, 21, 23, 35, 37, 44, 46, 51, 54, 56, 57, 58, 64, 67, 72, 73, 78, 80, 81, 86, 92, 93, 96, 97, 98, 99, 101, 103, 104, 105, 106, 107, 108, 109, 113, 117, 119, 120, 122, 123, 124, 126, 128, 131, 133, 134, 135, 136, 137, 140, 148, 149, 150, 151, 152, 153, 156, 157, 159, 160, 161, 162, 165, 173, 177, 178, 179, 180, 183, 190, 191, 192, 193, 194, 195, 198, 205, 207, 208, 209, 210, 211, 212, 215, 219, 220, 221, 224, 227, 233, 239, 245, 251, 258, 259, 261, 265, 271, 272, 273, 274, 275, 276, 277, 278, 279, 281, 282, 283, 284, 285, 286, 288, 290, 291, 292, 293, 295, 297, 298, 299, 302, 303, 304, 305, 306, 307, 310, 314, 315, 316, 317, 318, 319, 320, 321, 322, 325, 327, 328, 331, 335, 338, 344, 348, 352, 367, 368, 369, 370, 372, 379, 387, 394, 395, 396, 397, 398, 399, 401, 402, 403, 404, 405, 407, 408, 409, 411, 415, 416, 419, 436, 437, 441, 442, 443, 444, 446, 448, 449, 450, 453, 460, 461, 464, 465, 466, 467, 470, 471, 476, 477, 478, 480, 481, 482, 485, 486, 487, 488, 489, 492, 503, 504, 505, 506, 507, 508, 511, 529, 530, 532, 534, 536, 542, 547, 554, 555, 557, 558, 559, 561, 562, 563, 570, 572, 573, 574, 577, 578, 579, 582, 591, 592, 593, 594, 596, 598, 599, 600, 603, 605, 607], "excluded_lines": [], "start_line": 1}}}, "pv_tool/utilities/widget_functions_shansep.py": {"executed_lines": [], "summary": {"covered_lines": 0, "num_statements": 172, "percent_covered": 0.0, "percent_covered_display": "0", "missing_lines": 172, "excluded_lines": 0, "percent_statements_covered": 0.0, "percent_statements_covered_display": "0"}, "missing_lines": [1, 2, 3, 4, 5, 6, 7, 8, 9, 10, 11, 12, 15, 18, 24, 30, 36, 42, 49, 50, 52, 57, 62, 63, 64, 65, 66, 67, 68, 69, 71, 74, 75, 76, 79, 84, 87, 95, 99, 104, 108, 109, 114, 115, 118, 119, 120, 121, 122, 123, 124, 125, 133, 146, 147, 150, 156, 157, 158, 161, 163, 168, 174, 176, 179, 182, 190, 191, 192, 193, 195, 197, 198, 199, 200, 201, 204, 213, 221, 224, 225, 226, 227, 234, 235, 238, 239, 240, 241, 242, 244, 245, 246, 247, 248, 249, 251, 252, 253, 254, 255, 258, 259, 260, 262, 265, 273, 281, 282, 283, 285, 286, 288, 289, 290, 293, 294, 295, 296, 297, 298, 301, 305, 306, 309, 310, 311, 314, 315, 316, 317, 318, 319, 321, 325, 326, 328, 329, 330, 333, 334, 342, 343, 344, 345, 346, 349, 360, 361, 363, 365, 371, 372, 382, 383, 386, 387, 388, 389, 390, 393, 401, 402, 403, 404, 406, 408, 409, 410, 413, 415, 417], "excluded_lines": [], "functions": {"maak_proef_widgets_shansep": {"executed_lines": [], "summary": {"covered_lines": 0, "num_statements": 8, "percent_covered": 0.0, "percent_covered_display": "0", "missing_lines": 8, "excluded_lines": 0, "percent_statements_covered": 0.0, "percent_statements_covered_display": "0"}, "missing_lines": [18, 24, 30, 36, 42, 49, 50, 52], "excluded_lines": [], "start_line": 15}, "toon_widgets_shansep": {"executed_lines": [], "summary": {"covered_lines": 0, "num_statements": 9, "percent_covered": 0.0, "percent_covered_display": "0", "missing_lines": 9, "excluded_lines": 0, "percent_statements_covered": 0.0, "percent_statements_covered_display": "0"}, "missing_lines": [62, 63, 64, 65, 66, 67, 68, 69, 71], "excluded_lines": [], "start_line": 57}, "dropdown_widgets_shansep": {"executed_lines": [], "summary": {"covered_lines": 0, "num_statements": 7, "percent_covered": 0.0, "percent_covered_display": "0", "missing_lines": 7, "excluded_lines": 0, "percent_statements_covered": 0.0, "percent_statements_covered_display": "0"}, "missing_lines": [75, 76, 79, 84, 87, 95, 99], "excluded_lines": [], "start_line": 74}, "toon_grid_settings_shansep": {"executed_lines": [], "summary": {"covered_lines": 0, "num_statements": 4, "percent_covered": 0.0, "percent_covered_display": "0", "missing_lines": 4, "excluded_lines": 0, "percent_statements_covered": 0.0, "percent_statements_covered_display": "0"}, "missing_lines": [108, 109, 114, 115], "excluded_lines": [], "start_line": 104}, "get_benaderings_waarden": {"executed_lines": [], "summary": {"covered_lines": 0, "num_statements": 7, "percent_covered": 0.0, "percent_covered_display": "0", "missing_lines": 7, "excluded_lines": 0, "percent_statements_covered": 0.0, "percent_statements_covered_display": "0"}, "missing_lines": [119, 120, 121, 122, 123, 124, 125], "excluded_lines": [], "start_line": 118}, "run_shansep_analysis": {"executed_lines": [], "summary": {"covered_lines": 0, "num_statements": 11, "percent_covered": 0.0, "percent_covered_display": "0", "missing_lines": 11, "excluded_lines": 0, "percent_statements_covered": 0.0, "percent_statements_covered_display": "0"}, "missing_lines": [146, 147, 150, 156, 157, 158, 161, 163, 168, 174, 176], "excluded_lines": [], "start_line": 133}, "get_laatste_resultaten_shansep": {"executed_lines": [], "summary": {"covered_lines": 0, "num_statements": 14, "percent_covered": 0.0, "percent_covered_display": "0", "missing_lines": 14, "excluded_lines": 0, "percent_statements_covered": 0.0, "percent_statements_covered_display": "0"}, "missing_lines": [182, 190, 191, 192, 193, 195, 197, 198, 199, 200, 201, 204, 213, 221], "excluded_lines": [], "start_line": 179}, "_create_grid_row": {"executed_lines": [], "summary": {"covered_lines": 0, "num_statements": 5, "percent_covered": 0.0, "percent_covered_display": "0", "missing_lines": 5, "excluded_lines": 0, "percent_statements_covered": 0.0, "percent_statements_covered_display": "0"}, "missing_lines": [225, 226, 227, 234, 235], "excluded_lines": [], "start_line": 224}, "_create_handmatig_row": {"executed_lines": [], "summary": {"covered_lines": 0, "num_statements": 10, "percent_covered": 0.0, "percent_covered_display": "0", "missing_lines": 10, "excluded_lines": 0, "percent_statements_covered": 0.0, "percent_statements_covered_display": "0"}, "missing_lines": [239, 240, 241, 242, 244, 251, 252, 253, 254, 255], "excluded_lines": [], "start_line": 238}, "_create_handmatig_row._update_result": {"executed_lines": [], "summary": {"covered_lines": 0, "num_statements": 5, "percent_covered": 0.0, "percent_covered_display": "0", "missing_lines": 5, "excluded_lines": 0, "percent_statements_covered": 0.0, "percent_statements_covered_display": "0"}, "missing_lines": [245, 246, 247, 248, 249], "excluded_lines": [], "start_line": 244}, "_pop_calc": {"executed_lines": [], "summary": {"covered_lines": 0, "num_statements": 3, "percent_covered": 0.0, "percent_covered_display": "0", "missing_lines": 3, "excluded_lines": 0, "percent_statements_covered": 0.0, "percent_statements_covered_display": "0"}, "missing_lines": [259, 260, 262], "excluded_lines": [], "start_line": 258}, "show_grids": {"executed_lines": [], "summary": {"covered_lines": 0, "num_statements": 39, "percent_covered": 0.0, "percent_covered_display": "0", "missing_lines": 39, "excluded_lines": 0, "percent_statements_covered": 0.0, "percent_statements_covered_display": "0"}, "missing_lines": [273, 281, 282, 283, 285, 288, 289, 290, 293, 294, 295, 296, 297, 298, 301, 305, 306, 309, 310, 311, 314, 315, 316, 317, 318, 319, 321, 325, 326, 328, 329, 330, 333, 334, 342, 343, 344, 345, 346], "excluded_lines": [], "start_line": 265}, "show_grids.to_display_list": {"executed_lines": [], "summary": {"covered_lines": 0, "num_statements": 1, "percent_covered": 0.0, "percent_covered_display": "0", "missing_lines": 1, "excluded_lines": 0, "percent_statements_covered": 0.0, "percent_statements_covered_display": "0"}, "missing_lines": [286], "excluded_lines": [], "start_line": 285}, "show_shansep_analysis": {"executed_lines": [], "summary": {"covered_lines": 0, "num_statements": 13, "percent_covered": 0.0, "percent_covered_display": "0", "missing_lines": 13, "excluded_lines": 0, "percent_statements_covered": 0.0, "percent_statements_covered_display": "0"}, "missing_lines": [360, 361, 363, 365, 371, 372, 382, 383, 386, 387, 388, 389, 390], "excluded_lines": [], "start_line": 349}, "export_shansep_results": {"executed_lines": [], "summary": {"covered_lines": 0, "num_statements": 11, "percent_covered": 0.0, "percent_covered_display": "0", "missing_lines": 11, "excluded_lines": 0, "percent_statements_covered": 0.0, "percent_statements_covered_display": "0"}, "missing_lines": [401, 402, 403, 404, 406, 408, 409, 410, 413, 415, 417], "excluded_lines": [], "start_line": 393}, "": {"executed_lines": [], "summary": {"covered_lines": 0, "num_statements": 25, "percent_covered": 0.0, "percent_covered_display": "0", "missing_lines": 25, "excluded_lines": 0, "percent_statements_covered": 0.0, "percent_statements_covered_display": "0"}, "missing_lines": [1, 2, 3, 4, 5, 6, 7, 8, 9, 10, 11, 12, 15, 57, 74, 104, 118, 133, 179, 224, 238, 258, 265, 349, 393], "excluded_lines": [], "start_line": 1}}, "classes": {"": {"executed_lines": [], "summary": {"covered_lines": 0, "num_statements": 172, "percent_covered": 0.0, "percent_covered_display": "0", "missing_lines": 172, "excluded_lines": 0, "percent_statements_covered": 0.0, "percent_statements_covered_display": "0"}, "missing_lines": [1, 2, 3, 4, 5, 6, 7, 8, 9, 10, 11, 12, 15, 18, 24, 30, 36, 42, 49, 50, 52, 57, 62, 63, 64, 65, 66, 67, 68, 69, 71, 74, 75, 76, 79, 84, 87, 95, 99, 104, 108, 109, 114, 115, 118, 119, 120, 121, 122, 123, 124, 125, 133, 146, 147, 150, 156, 157, 158, 161, 163, 168, 174, 176, 179, 182, 190, 191, 192, 193, 195, 197, 198, 199, 200, 201, 204, 213, 221, 224, 225, 226, 227, 234, 235, 238, 239, 240, 241, 242, 244, 245, 246, 247, 248, 249, 251, 252, 253, 254, 255, 258, 259, 260, 262, 265, 273, 281, 282, 283, 285, 286, 288, 289, 290, 293, 294, 295, 296, 297, 298, 301, 305, 306, 309, 310, 311, 314, 315, 316, 317, 318, 319, 321, 325, 326, 328, 329, 330, 333, 334, 342, 343, 344, 345, 346, 349, 360, 361, 363, 365, 371, 372, 382, 383, 386, 387, 388, 389, 390, 393, 401, 402, 403, 404, 406, 408, 409, 410, 413, 415, 417], "excluded_lines": [], "start_line": 1}}}, "pv_tool/utilities/widget_functions_su.py": {"executed_lines": [], "summary": {"covered_lines": 0, "num_statements": 107, "percent_covered": 0.0, "percent_covered_display": "0", "missing_lines": 107, "excluded_lines": 0, "percent_statements_covered": 0.0, "percent_statements_covered_display": "0"}, "missing_lines": [1, 2, 3, 4, 5, 6, 7, 8, 9, 10, 11, 12, 15, 18, 24, 30, 36, 42, 49, 50, 52, 56, 61, 62, 63, 64, 65, 66, 67, 68, 70, 73, 74, 75, 78, 83, 86, 93, 97, 102, 106, 107, 112, 113, 116, 117, 118, 119, 120, 123, 124, 125, 126, 129, 130, 131, 132, 135, 136, 137, 138, 141, 142, 144, 145, 148, 152, 153, 154, 155, 157, 160, 172, 173, 176, 183, 184, 187, 190, 191, 192, 193, 196, 211, 212, 214, 217, 224, 225, 229, 230, 233, 234, 235, 236, 239, 250, 251, 252, 253, 255, 257, 258, 259, 262, 264, 266], "excluded_lines": [], "functions": {"maak_proef_widgets_su": {"executed_lines": [], "summary": {"covered_lines": 0, "num_statements": 8, "percent_covered": 0.0, "percent_covered_display": "0", "missing_lines": 8, "excluded_lines": 0, "percent_statements_covered": 0.0, "percent_statements_covered_display": "0"}, "missing_lines": [18, 24, 30, 36, 42, 49, 50, 52], "excluded_lines": [], "start_line": 15}, "toon_widgets_su": {"executed_lines": [], "summary": {"covered_lines": 0, "num_statements": 9, "percent_covered": 0.0, "percent_covered_display": "0", "missing_lines": 9, "excluded_lines": 0, "percent_statements_covered": 0.0, "percent_statements_covered_display": "0"}, "missing_lines": [61, 62, 63, 64, 65, 66, 67, 68, 70], "excluded_lines": [], "start_line": 56}, "dropdown_widgets_su": {"executed_lines": [], "summary": {"covered_lines": 0, "num_statements": 7, "percent_covered": 0.0, "percent_covered_display": "0", "missing_lines": 7, "excluded_lines": 0, "percent_statements_covered": 0.0, "percent_statements_covered_display": "0"}, "missing_lines": [74, 75, 78, 83, 86, 93, 97], "excluded_lines": [], "start_line": 73}, "toon_grid_settings_su": {"executed_lines": [], "summary": {"covered_lines": 0, "num_statements": 4, "percent_covered": 0.0, "percent_covered_display": "0", "missing_lines": 4, "excluded_lines": 0, "percent_statements_covered": 0.0, "percent_statements_covered_display": "0"}, "missing_lines": [106, 107, 112, 113], "excluded_lines": [], "start_line": 102}, "get_benaderingswaarden": {"executed_lines": [], "summary": {"covered_lines": 0, "num_statements": 4, "percent_covered": 0.0, "percent_covered_display": "0", "missing_lines": 4, "excluded_lines": 0, "percent_statements_covered": 0.0, "percent_statements_covered_display": "0"}, "missing_lines": [117, 118, 119, 120], "excluded_lines": [], "start_line": 116}, "create_param_grid": {"executed_lines": [], "summary": {"covered_lines": 0, "num_statements": 21, "percent_covered": 0.0, "percent_covered_display": "0", "missing_lines": 21, "excluded_lines": 0, "percent_statements_covered": 0.0, "percent_statements_covered_display": "0"}, "missing_lines": [124, 125, 126, 129, 130, 131, 132, 135, 136, 137, 138, 141, 142, 144, 145, 148, 152, 153, 154, 155, 157], "excluded_lines": [], "start_line": 123}, "run_su_analysis": {"executed_lines": [], "summary": {"covered_lines": 0, "num_statements": 10, "percent_covered": 0.0, "percent_covered_display": "0", "missing_lines": 10, "excluded_lines": 0, "percent_statements_covered": 0.0, "percent_statements_covered_display": "0"}, "missing_lines": [172, 173, 176, 183, 184, 187, 190, 191, 192, 193], "excluded_lines": [], "start_line": 160}, "show_su_analysis": {"executed_lines": [], "summary": {"covered_lines": 0, "num_statements": 12, "percent_covered": 0.0, "percent_covered_display": "0", "missing_lines": 12, "excluded_lines": 0, "percent_statements_covered": 0.0, "percent_statements_covered_display": "0"}, "missing_lines": [211, 212, 214, 217, 224, 225, 229, 230, 233, 234, 235, 236], "excluded_lines": [], "start_line": 196}, "export_su_results": {"executed_lines": [], "summary": {"covered_lines": 0, "num_statements": 11, "percent_covered": 0.0, "percent_covered_display": "0", "missing_lines": 11, "excluded_lines": 0, "percent_statements_covered": 0.0, "percent_statements_covered_display": "0"}, "missing_lines": [250, 251, 252, 253, 255, 257, 258, 259, 262, 264, 266], "excluded_lines": [], "start_line": 239}, "": {"executed_lines": [], "summary": {"covered_lines": 0, "num_statements": 21, "percent_covered": 0.0, "percent_covered_display": "0", "missing_lines": 21, "excluded_lines": 0, "percent_statements_covered": 0.0, "percent_statements_covered_display": "0"}, "missing_lines": [1, 2, 3, 4, 5, 6, 7, 8, 9, 10, 11, 12, 15, 56, 73, 102, 116, 123, 160, 196, 239], "excluded_lines": [], "start_line": 1}}, "classes": {"": {"executed_lines": [], "summary": {"covered_lines": 0, "num_statements": 107, "percent_covered": 0.0, "percent_covered_display": "0", "missing_lines": 107, "excluded_lines": 0, "percent_statements_covered": 0.0, "percent_statements_covered_display": "0"}, "missing_lines": [1, 2, 3, 4, 5, 6, 7, 8, 9, 10, 11, 12, 15, 18, 24, 30, 36, 42, 49, 50, 52, 56, 61, 62, 63, 64, 65, 66, 67, 68, 70, 73, 74, 75, 78, 83, 86, 93, 97, 102, 106, 107, 112, 113, 116, 117, 118, 119, 120, 123, 124, 125, 126, 129, 130, 131, 132, 135, 136, 137, 138, 141, 142, 144, 145, 148, 152, 153, 154, 155, 157, 160, 172, 173, 176, 183, 184, 187, 190, 191, 192, 193, 196, 211, 212, 214, 217, 224, 225, 229, 230, 233, 234, 235, 236, 239, 250, 251, 252, 253, 255, 257, 258, 259, 262, 264, 266], "excluded_lines": [], "start_line": 1}}}}, "totals": {"covered_lines": 3290, "num_statements": 4578, "percent_covered": 71.86544342507645, "percent_covered_display": "72", "missing_lines": 1288, "excluded_lines": 34, "percent_statements_covered": 71.86544342507645, "percent_statements_covered_display": "72"}}